24-10-29.09:36:18.749 [main            ] INFO  Application            - Starting Application using Java 1.8.0_412 on ZhongRui with PID 31376 (E:\new_big_market\big-market\big-market-app\target\classes started by zhong in E:\new_big_market\big-market)
24-10-29.09:36:18.750 [main            ] INFO  Application            - The following 1 profile is active: "dev"
24-10-29.09:36:19.258 [main            ] INFO  RepositoryConfigurationDelegate - Multiple Spring Data modules found, entering strict repository configuration mode
24-10-29.09:36:19.260 [main            ] INFO  RepositoryConfigurationDelegate - Bootstrapping Spring Data Redis repositories in DEFAULT mode.
24-10-29.09:36:19.287 [main            ] INFO  RepositoryConfigurationDelegate - Finished Spring Data repository scanning in 14 ms. Found 0 Redis repository interfaces.
24-10-29.09:36:19.766 [main            ] INFO  TomcatWebServer        - Tomcat initialized with port(s): 8091 (http)
24-10-29.09:36:19.772 [main            ] INFO  Http11NioProtocol      - Initializing ProtocolHandler ["http-nio-8091"]
24-10-29.09:36:19.772 [main            ] INFO  StandardService        - Starting service [Tomcat]
24-10-29.09:36:19.772 [main            ] INFO  StandardEngine         - Starting Servlet engine: [Apache Tomcat/9.0.75]
24-10-29.09:36:19.878 [main            ] INFO  [/]                    - Initializing Spring embedded WebApplicationContext
24-10-29.09:36:19.878 [main            ] INFO  ServletWebServerApplicationContext - Root WebApplicationContext: initialization completed in 1096 ms
24-10-29.09:36:20.253 [main            ] INFO  Version                - Redisson 3.32.0
24-10-29.09:36:20.469 [main            ] WARN  SequentialDnsAddressResolverFactory - DNS TCP fallback on UDP query timeout disabled. Upgrade Netty to 4.1.105 or higher.
24-10-29.09:36:20.565 [redisson-netty-1-4] INFO  ConnectionsHolder      - 1 connections initialized for 127.0.0.1/127.0.0.1:6379
24-10-29.09:36:20.573 [redisson-netty-1-13] INFO  ConnectionsHolder      - 5 connections initialized for 127.0.0.1/127.0.0.1:6379
24-10-29.09:36:21.346 [main            ] INFO  Http11NioProtocol      - Starting ProtocolHandler ["http-nio-8091"]
24-10-29.09:36:21.355 [main            ] INFO  TomcatWebServer        - Tomcat started on port(s): 8091 (http) with context path ''
24-10-29.09:36:21.362 [main            ] INFO  Application            - Started Application in 2.951 seconds (JVM running for 3.578)
24-10-29.09:36:25.011 [scheduling-1    ] INFO  UpdateAwardStockJob    - 定时任务，更新奖品消耗库存【延迟队列获取，降低对数据库的更新频次，不要产生竞争】
24-10-29.09:36:30.009 [scheduling-1    ] INFO  UpdateAwardStockJob    - 定时任务，更新奖品消耗库存【延迟队列获取，降低对数据库的更新频次，不要产生竞争】
24-10-29.09:36:35.010 [scheduling-1    ] INFO  UpdateAwardStockJob    - 定时任务，更新奖品消耗库存【延迟队列获取，降低对数据库的更新频次，不要产生竞争】
24-10-29.09:36:40.007 [scheduling-1    ] INFO  UpdateAwardStockJob    - 定时任务，更新奖品消耗库存【延迟队列获取，降低对数据库的更新频次，不要产生竞争】
24-10-29.09:36:45.008 [scheduling-1    ] INFO  UpdateAwardStockJob    - 定时任务，更新奖品消耗库存【延迟队列获取，降低对数据库的更新频次，不要产生竞争】
24-10-29.09:36:47.952 [http-nio-8091-exec-1] INFO  [/]                    - Initializing Spring DispatcherServlet 'dispatcherServlet'
24-10-29.09:36:47.952 [http-nio-8091-exec-1] INFO  DispatcherServlet      - Initializing Servlet 'dispatcherServlet'
24-10-29.09:36:47.953 [http-nio-8091-exec-1] INFO  DispatcherServlet      - Completed initialization in 1 ms
24-10-29.09:36:48.098 [http-nio-8091-exec-1] INFO  RaffleController       - 查询抽奖奖品列表配开始 strategyId：100006
24-10-29.09:36:48.115 [http-nio-8091-exec-1] INFO  HikariDataSource       - Retail_HikariCP - Starting...
24-10-29.09:36:48.282 [http-nio-8091-exec-1] INFO  HikariDataSource       - Retail_HikariCP - Start completed.
24-10-29.09:36:48.415 [http-nio-8091-exec-1] INFO  RaffleController       - 查询抽奖奖品列表配置完成 strategyId：100006 response: {"code":"0000","data":[{"awardId":101},{"awardId":102}],"info":"调用成功"}
24-10-29.09:36:50.010 [scheduling-1    ] INFO  UpdateAwardStockJob    - 定时任务，更新奖品消耗库存【延迟队列获取，降低对数据库的更新频次，不要产生竞争】
24-10-29.09:36:55.011 [scheduling-1    ] INFO  UpdateAwardStockJob    - 定时任务，更新奖品消耗库存【延迟队列获取，降低对数据库的更新频次，不要产生竞争】
24-10-29.09:38:05.600 [main            ] INFO  Application            - Starting Application using Java 1.8.0_412 on ZhongRui with PID 24208 (E:\new_big_market\big-market\big-market-app\target\classes started by zhong in E:\new_big_market\big-market)
24-10-29.09:38:05.602 [main            ] INFO  Application            - The following 1 profile is active: "dev"
24-10-29.09:38:06.118 [main            ] INFO  RepositoryConfigurationDelegate - Multiple Spring Data modules found, entering strict repository configuration mode
24-10-29.09:38:06.119 [main            ] INFO  RepositoryConfigurationDelegate - Bootstrapping Spring Data Redis repositories in DEFAULT mode.
24-10-29.09:38:06.144 [main            ] INFO  RepositoryConfigurationDelegate - Finished Spring Data repository scanning in 13 ms. Found 0 Redis repository interfaces.
24-10-29.09:38:06.638 [main            ] INFO  TomcatWebServer        - Tomcat initialized with port(s): 8091 (http)
24-10-29.09:38:06.644 [main            ] INFO  Http11NioProtocol      - Initializing ProtocolHandler ["http-nio-8091"]
24-10-29.09:38:06.644 [main            ] INFO  StandardService        - Starting service [Tomcat]
24-10-29.09:38:06.644 [main            ] INFO  StandardEngine         - Starting Servlet engine: [Apache Tomcat/9.0.75]
24-10-29.09:38:06.759 [main            ] INFO  [/]                    - Initializing Spring embedded WebApplicationContext
24-10-29.09:38:06.759 [main            ] INFO  ServletWebServerApplicationContext - Root WebApplicationContext: initialization completed in 1128 ms
24-10-29.09:38:07.201 [main            ] INFO  Version                - Redisson 3.32.0
24-10-29.09:38:07.489 [main            ] WARN  SequentialDnsAddressResolverFactory - DNS TCP fallback on UDP query timeout disabled. Upgrade Netty to 4.1.105 or higher.
24-10-29.09:38:07.586 [redisson-netty-1-5] INFO  ConnectionsHolder      - 1 connections initialized for 127.0.0.1/127.0.0.1:6379
24-10-29.09:38:07.594 [redisson-netty-1-13] INFO  ConnectionsHolder      - 5 connections initialized for 127.0.0.1/127.0.0.1:6379
24-10-29.09:38:08.466 [main            ] INFO  Http11NioProtocol      - Starting ProtocolHandler ["http-nio-8091"]
24-10-29.09:38:08.475 [main            ] INFO  TomcatWebServer        - Tomcat started on port(s): 8091 (http) with context path ''
24-10-29.09:38:08.484 [main            ] INFO  Application            - Started Application in 3.173 seconds (JVM running for 3.719)
24-10-29.09:38:10.005 [scheduling-1    ] INFO  UpdateAwardStockJob    - 定时任务，更新奖品消耗库存【延迟队列获取，降低对数据库的更新频次，不要产生竞争】
24-10-29.09:38:14.832 [http-nio-8091-exec-2] INFO  [/]                    - Initializing Spring DispatcherServlet 'dispatcherServlet'
24-10-29.09:38:14.832 [http-nio-8091-exec-2] INFO  DispatcherServlet      - Initializing Servlet 'dispatcherServlet'
24-10-29.09:38:14.833 [http-nio-8091-exec-2] INFO  DispatcherServlet      - Completed initialization in 1 ms
24-10-29.09:38:14.947 [http-nio-8091-exec-2] INFO  RaffleController       - 抽奖策略装配开始 strategyId：100006
24-10-29.09:38:15.015 [scheduling-1    ] INFO  UpdateAwardStockJob    - 定时任务，更新奖品消耗库存【延迟队列获取，降低对数据库的更新频次，不要产生竞争】
24-10-29.09:38:15.073 [http-nio-8091-exec-2] INFO  RaffleController       - 抽奖策略装配完成 strategyId：100006 response: {"code":"0000","data":true,"info":"调用成功"}
24-10-29.09:38:20.008 [scheduling-1    ] INFO  UpdateAwardStockJob    - 定时任务，更新奖品消耗库存【延迟队列获取，降低对数据库的更新频次，不要产生竞争】
24-10-29.09:38:25.011 [scheduling-1    ] INFO  UpdateAwardStockJob    - 定时任务，更新奖品消耗库存【延迟队列获取，降低对数据库的更新频次，不要产生竞争】
24-10-29.09:38:30.003 [scheduling-1    ] INFO  UpdateAwardStockJob    - 定时任务，更新奖品消耗库存【延迟队列获取，降低对数据库的更新频次，不要产生竞争】
24-10-29.09:38:35.016 [scheduling-1    ] INFO  UpdateAwardStockJob    - 定时任务，更新奖品消耗库存【延迟队列获取，降低对数据库的更新频次，不要产生竞争】
24-10-29.09:38:37.612 [http-nio-8091-exec-7] INFO  RaffleController       - 抽奖策略装配开始 strategyId：100006
24-10-29.09:38:37.625 [http-nio-8091-exec-7] INFO  HikariDataSource       - Retail_HikariCP - Starting...
24-10-29.09:38:37.778 [http-nio-8091-exec-7] INFO  HikariDataSource       - Retail_HikariCP - Start completed.
24-10-29.09:38:37.826 [http-nio-8091-exec-7] INFO  RaffleController       - 抽奖策略装配完成 strategyId：100006 response: {"code":"0000","data":true,"info":"调用成功"}
24-10-29.09:38:40.014 [scheduling-1    ] INFO  UpdateAwardStockJob    - 定时任务，更新奖品消耗库存【延迟队列获取，降低对数据库的更新频次，不要产生竞争】
24-10-29.09:38:45.010 [scheduling-1    ] INFO  UpdateAwardStockJob    - 定时任务，更新奖品消耗库存【延迟队列获取，降低对数据库的更新频次，不要产生竞争】
24-10-29.09:38:50.016 [scheduling-1    ] INFO  UpdateAwardStockJob    - 定时任务，更新奖品消耗库存【延迟队列获取，降低对数据库的更新频次，不要产生竞争】
24-10-29.09:38:55.000 [scheduling-1    ] INFO  UpdateAwardStockJob    - 定时任务，更新奖品消耗库存【延迟队列获取，降低对数据库的更新频次，不要产生竞争】
24-10-29.09:38:59.293 [http-nio-8091-exec-4] INFO  RaffleController       - 查询抽奖奖品列表配开始 strategyId：100006
24-10-29.09:38:59.300 [http-nio-8091-exec-4] INFO  RaffleController       - 查询抽奖奖品列表配置完成 strategyId：100006 response: {"code":"0000","data":[{"awardId":101},{"awardId":102},{"awardId":103},{"awardId":104},{"awardId":105},{"awardId":106},{"awardId":107},{"awardId":108}],"info":"调用成功"}
24-10-29.09:39:00.001 [scheduling-1    ] INFO  UpdateAwardStockJob    - 定时任务，更新奖品消耗库存【延迟队列获取，降低对数据库的更新频次，不要产生竞争】
24-10-29.09:39:05.009 [scheduling-1    ] INFO  UpdateAwardStockJob    - 定时任务，更新奖品消耗库存【延迟队列获取，降低对数据库的更新频次，不要产生竞争】
24-10-29.09:39:32.449 [main            ] INFO  Application            - Starting Application using Java 1.8.0_412 on ZhongRui with PID 13008 (E:\new_big_market\big-market\big-market-app\target\classes started by zhong in E:\new_big_market\big-market)
24-10-29.09:39:32.449 [main            ] INFO  Application            - The following 1 profile is active: "dev"
24-10-29.09:39:32.976 [main            ] INFO  RepositoryConfigurationDelegate - Multiple Spring Data modules found, entering strict repository configuration mode
24-10-29.09:39:32.978 [main            ] INFO  RepositoryConfigurationDelegate - Bootstrapping Spring Data Redis repositories in DEFAULT mode.
24-10-29.09:39:33.011 [main            ] INFO  RepositoryConfigurationDelegate - Finished Spring Data repository scanning in 18 ms. Found 0 Redis repository interfaces.
24-10-29.09:39:33.608 [main            ] INFO  TomcatWebServer        - Tomcat initialized with port(s): 8091 (http)
24-10-29.09:39:33.614 [main            ] INFO  Http11NioProtocol      - Initializing ProtocolHandler ["http-nio-8091"]
24-10-29.09:39:33.614 [main            ] INFO  StandardService        - Starting service [Tomcat]
24-10-29.09:39:33.614 [main            ] INFO  StandardEngine         - Starting Servlet engine: [Apache Tomcat/9.0.75]
24-10-29.09:39:33.689 [main            ] INFO  [/]                    - Initializing Spring embedded WebApplicationContext
24-10-29.09:39:33.690 [main            ] INFO  ServletWebServerApplicationContext - Root WebApplicationContext: initialization completed in 1213 ms
24-10-29.09:39:34.173 [main            ] INFO  Version                - Redisson 3.32.0
24-10-29.09:39:34.445 [main            ] WARN  SequentialDnsAddressResolverFactory - DNS TCP fallback on UDP query timeout disabled. Upgrade Netty to 4.1.105 or higher.
24-10-29.09:39:34.572 [redisson-netty-1-4] INFO  ConnectionsHolder      - 1 connections initialized for 127.0.0.1/127.0.0.1:6379
24-10-29.09:39:34.583 [redisson-netty-1-13] INFO  ConnectionsHolder      - 5 connections initialized for 127.0.0.1/127.0.0.1:6379
24-10-29.09:39:35.490 [main            ] INFO  Http11NioProtocol      - Starting ProtocolHandler ["http-nio-8091"]
24-10-29.09:39:35.500 [main            ] INFO  TomcatWebServer        - Tomcat started on port(s): 8091 (http) with context path ''
24-10-29.09:39:35.509 [main            ] INFO  Application            - Started Application in 3.403 seconds (JVM running for 4.312)
24-10-29.09:39:38.427 [http-nio-8091-exec-2] INFO  [/]                    - Initializing Spring DispatcherServlet 'dispatcherServlet'
24-10-29.09:39:38.427 [http-nio-8091-exec-2] INFO  DispatcherServlet      - Initializing Servlet 'dispatcherServlet'
24-10-29.09:39:38.428 [http-nio-8091-exec-2] INFO  DispatcherServlet      - Completed initialization in 1 ms
24-10-29.09:39:38.486 [http-nio-8091-exec-2] INFO  RaffleController       - 查询抽奖奖品列表配开始 strategyId：100006
24-10-29.09:39:44.767 [scheduling-1    ] INFO  UpdateAwardStockJob    - 定时任务，更新奖品消耗库存【延迟队列获取，降低对数据库的更新频次，不要产生竞争】
24-10-29.09:40:06.135 [scheduling-1    ] INFO  UpdateAwardStockJob    - 定时任务，更新奖品消耗库存【延迟队列获取，降低对数据库的更新频次，不要产生竞争】
24-10-29.09:40:06.275 [http-nio-8091-exec-2] INFO  RaffleController       - 查询抽奖奖品列表配置完成 strategyId：100006 response: {"code":"0000","data":[{"awardId":101},{"awardId":102},{"awardId":103},{"awardId":104},{"awardId":105},{"awardId":106},{"awardId":107},{"awardId":108}],"info":"调用成功"}
24-10-29.09:43:29.253 [main            ] INFO  Application            - Starting Application using Java 1.8.0_412 on ZhongRui with PID 19396 (E:\new_big_market\big-market\big-market-app\target\classes started by zhong in E:\new_big_market\big-market)
24-10-29.09:43:29.254 [main            ] INFO  Application            - The following 1 profile is active: "dev"
24-10-29.09:43:29.744 [main            ] INFO  RepositoryConfigurationDelegate - Multiple Spring Data modules found, entering strict repository configuration mode
24-10-29.09:43:29.746 [main            ] INFO  RepositoryConfigurationDelegate - Bootstrapping Spring Data Redis repositories in DEFAULT mode.
24-10-29.09:43:29.770 [main            ] INFO  RepositoryConfigurationDelegate - Finished Spring Data repository scanning in 13 ms. Found 0 Redis repository interfaces.
24-10-29.09:43:30.307 [main            ] INFO  TomcatWebServer        - Tomcat initialized with port(s): 8091 (http)
24-10-29.09:43:30.313 [main            ] INFO  Http11NioProtocol      - Initializing ProtocolHandler ["http-nio-8091"]
24-10-29.09:43:30.314 [main            ] INFO  StandardService        - Starting service [Tomcat]
24-10-29.09:43:30.314 [main            ] INFO  StandardEngine         - Starting Servlet engine: [Apache Tomcat/9.0.75]
24-10-29.09:43:30.383 [main            ] INFO  [/]                    - Initializing Spring embedded WebApplicationContext
24-10-29.09:43:30.383 [main            ] INFO  ServletWebServerApplicationContext - Root WebApplicationContext: initialization completed in 1099 ms
24-10-29.09:43:30.795 [main            ] INFO  Version                - Redisson 3.32.0
24-10-29.09:43:31.008 [main            ] WARN  SequentialDnsAddressResolverFactory - DNS TCP fallback on UDP query timeout disabled. Upgrade Netty to 4.1.105 or higher.
24-10-29.09:43:31.112 [redisson-netty-1-4] INFO  ConnectionsHolder      - 1 connections initialized for 127.0.0.1/127.0.0.1:6379
24-10-29.09:43:31.120 [redisson-netty-1-13] INFO  ConnectionsHolder      - 5 connections initialized for 127.0.0.1/127.0.0.1:6379
24-10-29.09:43:31.964 [main            ] INFO  Http11NioProtocol      - Starting ProtocolHandler ["http-nio-8091"]
24-10-29.09:43:31.973 [main            ] INFO  TomcatWebServer        - Tomcat started on port(s): 8091 (http) with context path ''
24-10-29.09:43:31.984 [main            ] INFO  Application            - Started Application in 3.095 seconds (JVM running for 3.712)
24-10-29.09:43:35.003 [scheduling-1    ] INFO  UpdateAwardStockJob    - 定时任务，更新奖品消耗库存【延迟队列获取，降低对数据库的更新频次，不要产生竞争】
24-10-29.09:43:37.755 [http-nio-8091-exec-3] INFO  [/]                    - Initializing Spring DispatcherServlet 'dispatcherServlet'
24-10-29.09:43:37.755 [http-nio-8091-exec-3] INFO  DispatcherServlet      - Initializing Servlet 'dispatcherServlet'
24-10-29.09:43:37.756 [http-nio-8091-exec-3] INFO  DispatcherServlet      - Completed initialization in 1 ms
24-10-29.09:43:37.781 [http-nio-8091-exec-3] INFO  RaffleController       - 抽奖策略装配开始 strategyId：100006
24-10-29.09:43:42.053 [scheduling-1    ] INFO  UpdateAwardStockJob    - 定时任务，更新奖品消耗库存【延迟队列获取，降低对数据库的更新频次，不要产生竞争】
24-10-29.09:44:07.734 [scheduling-1    ] INFO  UpdateAwardStockJob    - 定时任务，更新奖品消耗库存【延迟队列获取，降低对数据库的更新频次，不要产生竞争】
24-10-29.09:44:07.782 [http-nio-8091-exec-3] INFO  HikariDataSource       - Retail_HikariCP - Starting...
24-10-29.09:44:08.370 [http-nio-8091-exec-3] INFO  HikariDataSource       - Retail_HikariCP - Start completed.
24-10-29.09:44:13.105 [scheduling-1    ] INFO  UpdateAwardStockJob    - 定时任务，更新奖品消耗库存【延迟队列获取，降低对数据库的更新频次，不要产生竞争】
24-10-29.09:44:13.297 [http-nio-8091-exec-3] INFO  RaffleController       - 抽奖策略装配完成 strategyId：100006 response: {"code":"0000","data":true,"info":"调用成功"}
24-10-29.09:45:49.863 [main            ] INFO  Application            - Starting Application using Java 1.8.0_412 on ZhongRui with PID 10720 (E:\new_big_market\big-market\big-market-app\target\classes started by zhong in E:\new_big_market\big-market)
24-10-29.09:45:49.865 [main            ] INFO  Application            - The following 1 profile is active: "dev"
24-10-29.09:45:50.452 [main            ] INFO  RepositoryConfigurationDelegate - Multiple Spring Data modules found, entering strict repository configuration mode
24-10-29.09:45:50.454 [main            ] INFO  RepositoryConfigurationDelegate - Bootstrapping Spring Data Redis repositories in DEFAULT mode.
24-10-29.09:45:50.483 [main            ] INFO  RepositoryConfigurationDelegate - Finished Spring Data repository scanning in 16 ms. Found 0 Redis repository interfaces.
24-10-29.09:45:50.957 [main            ] INFO  TomcatWebServer        - Tomcat initialized with port(s): 8091 (http)
24-10-29.09:45:50.963 [main            ] INFO  Http11NioProtocol      - Initializing ProtocolHandler ["http-nio-8091"]
24-10-29.09:45:50.964 [main            ] INFO  StandardService        - Starting service [Tomcat]
24-10-29.09:45:50.964 [main            ] INFO  StandardEngine         - Starting Servlet engine: [Apache Tomcat/9.0.75]
24-10-29.09:45:51.086 [main            ] INFO  [/]                    - Initializing Spring embedded WebApplicationContext
24-10-29.09:45:51.086 [main            ] INFO  ServletWebServerApplicationContext - Root WebApplicationContext: initialization completed in 1190 ms
24-10-29.09:45:51.527 [main            ] INFO  Version                - Redisson 3.32.0
24-10-29.09:45:51.747 [main            ] WARN  SequentialDnsAddressResolverFactory - DNS TCP fallback on UDP query timeout disabled. Upgrade Netty to 4.1.105 or higher.
24-10-29.09:45:51.844 [redisson-netty-1-4] INFO  ConnectionsHolder      - 1 connections initialized for 127.0.0.1/127.0.0.1:6379
24-10-29.09:45:51.854 [redisson-netty-1-13] INFO  ConnectionsHolder      - 5 connections initialized for 127.0.0.1/127.0.0.1:6379
24-10-29.09:45:52.620 [main            ] INFO  Http11NioProtocol      - Starting ProtocolHandler ["http-nio-8091"]
24-10-29.09:45:52.629 [main            ] INFO  TomcatWebServer        - Tomcat started on port(s): 8091 (http) with context path ''
24-10-29.09:45:52.639 [main            ] INFO  Application            - Started Application in 3.078 seconds (JVM running for 3.631)
24-10-29.09:45:55.000 [scheduling-1    ] INFO  UpdateAwardStockJob    - 定时任务，更新奖品消耗库存【延迟队列获取，降低对数据库的更新频次，不要产生竞争】
24-10-29.09:46:00.002 [scheduling-1    ] INFO  UpdateAwardStockJob    - 定时任务，更新奖品消耗库存【延迟队列获取，降低对数据库的更新频次，不要产生竞争】
24-10-29.09:46:02.760 [http-nio-8091-exec-2] INFO  [/]                    - Initializing Spring DispatcherServlet 'dispatcherServlet'
24-10-29.09:46:02.760 [http-nio-8091-exec-2] INFO  DispatcherServlet      - Initializing Servlet 'dispatcherServlet'
24-10-29.09:46:02.761 [http-nio-8091-exec-2] INFO  DispatcherServlet      - Completed initialization in 1 ms
24-10-29.09:46:02.882 [http-nio-8091-exec-2] INFO  RaffleController       - 抽奖策略装配开始 strategyId：100006
24-10-29.09:46:02.897 [http-nio-8091-exec-2] INFO  HikariDataSource       - Retail_HikariCP - Starting...
24-10-29.09:46:03.040 [http-nio-8091-exec-2] INFO  HikariDataSource       - Retail_HikariCP - Start completed.
24-10-29.09:46:03.187 [http-nio-8091-exec-2] INFO  RaffleController       - 抽奖策略装配完成 strategyId：100006 response: {"code":"0000","data":true,"info":"调用成功"}
24-10-29.09:46:05.004 [scheduling-1    ] INFO  UpdateAwardStockJob    - 定时任务，更新奖品消耗库存【延迟队列获取，降低对数据库的更新频次，不要产生竞争】
24-10-29.09:46:10.005 [scheduling-1    ] INFO  UpdateAwardStockJob    - 定时任务，更新奖品消耗库存【延迟队列获取，降低对数据库的更新频次，不要产生竞争】
24-10-29.09:46:15.007 [scheduling-1    ] INFO  UpdateAwardStockJob    - 定时任务，更新奖品消耗库存【延迟队列获取，降低对数据库的更新频次，不要产生竞争】
24-10-29.09:46:20.014 [scheduling-1    ] INFO  UpdateAwardStockJob    - 定时任务，更新奖品消耗库存【延迟队列获取，降低对数据库的更新频次，不要产生竞争】
24-10-29.09:46:22.807 [http-nio-8091-exec-7] INFO  RaffleController       - 查询抽奖奖品列表配开始 strategyId：100006
24-10-29.09:46:22.821 [http-nio-8091-exec-7] INFO  RaffleController       - 查询抽奖奖品列表配置完成 strategyId：100006 response: {"code":"0000","data":[{"awardId":101,"awardTitle":"随机积分","sort":1},{"awardId":102,"awardTitle":"7等奖","sort":2},{"awardId":103,"awardTitle":"6等奖","sort":3},{"awardId":104,"awardTitle":"5等奖","sort":4},{"awardId":105,"awardTitle":"4等奖","sort":5},{"awardId":106,"awardSubtitle":"抽奖1次后解锁","awardTitle":"3等奖","sort":6},{"awardId":107,"awardSubtitle":"抽奖1次后解锁","awardTitle":"2等奖","sort":7},{"awardId":108,"awardSubtitle":"抽奖2次后解锁","awardTitle":"1等奖","sort":8}],"info":"调用成功"}
24-10-29.09:46:25.009 [scheduling-1    ] INFO  UpdateAwardStockJob    - 定时任务，更新奖品消耗库存【延迟队列获取，降低对数据库的更新频次，不要产生竞争】
24-10-29.09:46:30.002 [scheduling-1    ] INFO  UpdateAwardStockJob    - 定时任务，更新奖品消耗库存【延迟队列获取，降低对数据库的更新频次，不要产生竞争】
24-10-29.09:46:35.005 [scheduling-1    ] INFO  UpdateAwardStockJob    - 定时任务，更新奖品消耗库存【延迟队列获取，降低对数据库的更新频次，不要产生竞争】
24-10-29.09:46:40.006 [scheduling-1    ] INFO  UpdateAwardStockJob    - 定时任务，更新奖品消耗库存【延迟队列获取，降低对数据库的更新频次，不要产生竞争】
24-10-29.09:46:45.011 [scheduling-1    ] INFO  UpdateAwardStockJob    - 定时任务，更新奖品消耗库存【延迟队列获取，降低对数据库的更新频次，不要产生竞争】
24-10-29.09:46:50.005 [scheduling-1    ] INFO  UpdateAwardStockJob    - 定时任务，更新奖品消耗库存【延迟队列获取，降低对数据库的更新频次，不要产生竞争】
24-10-29.09:46:55.008 [scheduling-1    ] INFO  UpdateAwardStockJob    - 定时任务，更新奖品消耗库存【延迟队列获取，降低对数据库的更新频次，不要产生竞争】
24-10-29.09:47:00.012 [scheduling-1    ] INFO  UpdateAwardStockJob    - 定时任务，更新奖品消耗库存【延迟队列获取，降低对数据库的更新频次，不要产生竞争】
24-10-29.09:47:05.014 [scheduling-1    ] INFO  UpdateAwardStockJob    - 定时任务，更新奖品消耗库存【延迟队列获取，降低对数据库的更新频次，不要产生竞争】
24-10-29.09:47:10.008 [scheduling-1    ] INFO  UpdateAwardStockJob    - 定时任务，更新奖品消耗库存【延迟队列获取，降低对数据库的更新频次，不要产生竞争】
24-10-29.09:47:15.013 [scheduling-1    ] INFO  UpdateAwardStockJob    - 定时任务，更新奖品消耗库存【延迟队列获取，降低对数据库的更新频次，不要产生竞争】
24-10-29.09:47:20.014 [scheduling-1    ] INFO  UpdateAwardStockJob    - 定时任务，更新奖品消耗库存【延迟队列获取，降低对数据库的更新频次，不要产生竞争】
24-10-29.09:47:25.005 [scheduling-1    ] INFO  UpdateAwardStockJob    - 定时任务，更新奖品消耗库存【延迟队列获取，降低对数据库的更新频次，不要产生竞争】
24-10-29.09:47:30.003 [scheduling-1    ] INFO  UpdateAwardStockJob    - 定时任务，更新奖品消耗库存【延迟队列获取，降低对数据库的更新频次，不要产生竞争】
24-10-29.09:47:35.011 [scheduling-1    ] INFO  UpdateAwardStockJob    - 定时任务，更新奖品消耗库存【延迟队列获取，降低对数据库的更新频次，不要产生竞争】
24-10-29.09:47:40.011 [scheduling-1    ] INFO  UpdateAwardStockJob    - 定时任务，更新奖品消耗库存【延迟队列获取，降低对数据库的更新频次，不要产生竞争】
24-10-29.09:47:45.007 [scheduling-1    ] INFO  UpdateAwardStockJob    - 定时任务，更新奖品消耗库存【延迟队列获取，降低对数据库的更新频次，不要产生竞争】
24-10-29.09:47:50.014 [scheduling-1    ] INFO  UpdateAwardStockJob    - 定时任务，更新奖品消耗库存【延迟队列获取，降低对数据库的更新频次，不要产生竞争】
24-10-29.09:47:55.011 [scheduling-1    ] INFO  UpdateAwardStockJob    - 定时任务，更新奖品消耗库存【延迟队列获取，降低对数据库的更新频次，不要产生竞争】
24-10-29.09:49:04.097 [main            ] INFO  Application            - Starting Application using Java 1.8.0_412 on ZhongRui with PID 24372 (E:\new_big_market\big-market\big-market-app\target\classes started by zhong in E:\new_big_market\big-market)
24-10-29.09:49:04.099 [main            ] INFO  Application            - The following 1 profile is active: "dev"
24-10-29.09:49:04.645 [main            ] INFO  RepositoryConfigurationDelegate - Multiple Spring Data modules found, entering strict repository configuration mode
24-10-29.09:49:04.647 [main            ] INFO  RepositoryConfigurationDelegate - Bootstrapping Spring Data Redis repositories in DEFAULT mode.
24-10-29.09:49:04.674 [main            ] INFO  RepositoryConfigurationDelegate - Finished Spring Data repository scanning in 14 ms. Found 0 Redis repository interfaces.
24-10-29.09:49:05.157 [main            ] INFO  TomcatWebServer        - Tomcat initialized with port(s): 8091 (http)
24-10-29.09:49:05.163 [main            ] INFO  Http11NioProtocol      - Initializing ProtocolHandler ["http-nio-8091"]
24-10-29.09:49:05.163 [main            ] INFO  StandardService        - Starting service [Tomcat]
24-10-29.09:49:05.164 [main            ] INFO  StandardEngine         - Starting Servlet engine: [Apache Tomcat/9.0.75]
24-10-29.09:49:05.297 [main            ] INFO  [/]                    - Initializing Spring embedded WebApplicationContext
24-10-29.09:49:05.297 [main            ] INFO  ServletWebServerApplicationContext - Root WebApplicationContext: initialization completed in 1167 ms
24-10-29.09:49:05.711 [main            ] INFO  Version                - Redisson 3.32.0
24-10-29.09:49:05.946 [main            ] WARN  SequentialDnsAddressResolverFactory - DNS TCP fallback on UDP query timeout disabled. Upgrade Netty to 4.1.105 or higher.
24-10-29.09:49:06.043 [redisson-netty-1-4] INFO  ConnectionsHolder      - 1 connections initialized for 127.0.0.1/127.0.0.1:6379
24-10-29.09:49:06.053 [redisson-netty-1-13] INFO  ConnectionsHolder      - 5 connections initialized for 127.0.0.1/127.0.0.1:6379
24-10-29.09:49:06.843 [main            ] INFO  Http11NioProtocol      - Starting ProtocolHandler ["http-nio-8091"]
24-10-29.09:49:06.852 [main            ] INFO  TomcatWebServer        - Tomcat started on port(s): 8091 (http) with context path ''
24-10-29.09:49:06.860 [main            ] INFO  Application            - Started Application in 3.149 seconds (JVM running for 3.742)
24-10-29.09:49:09.977 [http-nio-8091-exec-2] INFO  [/]                    - Initializing Spring DispatcherServlet 'dispatcherServlet'
24-10-29.09:49:09.977 [http-nio-8091-exec-2] INFO  DispatcherServlet      - Initializing Servlet 'dispatcherServlet'
24-10-29.09:49:09.978 [http-nio-8091-exec-2] INFO  DispatcherServlet      - Completed initialization in 1 ms
24-10-29.09:49:09.999 [http-nio-8091-exec-2] INFO  RaffleController       - 抽奖策略装配开始 strategyId：100006
24-10-29.09:49:10.003 [scheduling-1    ] INFO  UpdateAwardStockJob    - 定时任务，更新奖品消耗库存【延迟队列获取，降低对数据库的更新频次，不要产生竞争】
24-10-29.09:49:10.122 [http-nio-8091-exec-2] INFO  HikariDataSource       - Retail_HikariCP - Starting...
24-10-29.09:49:10.287 [http-nio-8091-exec-2] INFO  HikariDataSource       - Retail_HikariCP - Start completed.
24-10-29.09:49:10.451 [http-nio-8091-exec-2] INFO  RaffleController       - 抽奖策略装配完成 strategyId：100006 response: {"code":"0000","data":true,"info":"调用成功"}
24-10-29.09:49:13.390 [http-nio-8091-exec-7] INFO  RaffleController       - 查询抽奖奖品列表配开始 strategyId：100006
24-10-29.09:49:13.403 [http-nio-8091-exec-7] INFO  RaffleController       - 查询抽奖奖品列表配置完成 strategyId：100006 response: {"code":"0000","data":[{"awardId":101,"awardTitle":"随机积分","sort":1},{"awardId":102,"awardTitle":"7等奖","sort":2},{"awardId":103,"awardTitle":"6等奖","sort":3},{"awardId":104,"awardTitle":"5等奖","sort":4},{"awardId":105,"awardTitle":"4等奖","sort":5},{"awardId":106,"awardSubtitle":"抽奖1次后解锁","awardTitle":"3等奖","sort":6},{"awardId":107,"awardSubtitle":"抽奖1次后解锁","awardTitle":"2等奖","sort":7},{"awardId":108,"awardSubtitle":"抽奖2次后解锁","awardTitle":"1等奖","sort":8}],"info":"调用成功"}
24-10-29.09:49:15.003 [scheduling-1    ] INFO  UpdateAwardStockJob    - 定时任务，更新奖品消耗库存【延迟队列获取，降低对数据库的更新频次，不要产生竞争】
24-10-29.09:49:16.672 [http-nio-8091-exec-3] INFO  RaffleController       - 随机抽奖开始 strategyId: 100006
24-10-29.09:49:16.676 [http-nio-8091-exec-3] INFO  DefaultLogicChain      - 抽奖责任链-默认处理 userId: system strategyId: 100006 ruleModel: rule_default awardId: 102
24-10-29.09:49:16.677 [http-nio-8091-exec-3] INFO  AbstractRaffleStrategy - 抽奖策略计算-责任链 system 100006 102 rule_default
24-10-29.09:49:16.697 [http-nio-8091-exec-3] INFO  RuleStockLogicTreeNode - 规则过滤-库存扣减 userId:system strategyId:100006 awardId:102
24-10-29.09:49:16.699 [http-nio-8091-exec-3] INFO  RuleStockLogicTreeNode - 规则过滤-库存扣减-成功 userId:system strategyId:100006 awardId:102
24-10-29.09:49:16.718 [http-nio-8091-exec-3] INFO  DecisionTreeEngine     - 决策树引擎【规则树-兜底奖励】treeId:tree_luck_award node:rule_stock code:0001
24-10-29.09:49:16.718 [http-nio-8091-exec-3] INFO  AbstractRaffleStrategy - 抽奖策略计算-规则树 system 100006 102 null
24-10-29.09:49:16.721 [http-nio-8091-exec-3] INFO  RaffleController       - 随机抽奖完成 strategyId: 100006 response: {"code":"0000","data":{"awardId":102},"info":"调用成功"}
24-10-29.09:49:20.002 [scheduling-1    ] INFO  UpdateAwardStockJob    - 定时任务，更新奖品消耗库存【延迟队列获取，降低对数据库的更新频次，不要产生竞争】
24-10-29.09:49:20.006 [scheduling-1    ] INFO  UpdateAwardStockJob    - 定时任务，更新奖品消耗库存 strategyId:100006 awardId:102
