24-11-10.15:55:52.694 [main            ] INFO  Application            - Starting Application using Java 1.8.0_412 on ZhongRui with PID 2316 (E:\new_big_market\big-market\big-market-app\target\classes started by zhong in E:\new_big_market\big-market)
24-11-10.15:55:52.695 [main            ] INFO  Application            - The following 1 profile is active: "dev"
24-11-10.15:55:53.529 [main            ] INFO  RepositoryConfigurationDelegate - Multiple Spring Data modules found, entering strict repository configuration mode
24-11-10.15:55:53.531 [main            ] INFO  RepositoryConfigurationDelegate - Bootstrapping Spring Data Redis repositories in DEFAULT mode.
24-11-10.15:55:53.567 [main            ] INFO  RepositoryConfigurationDelegate - Finished Spring Data repository scanning in 21 ms. Found 0 Redis repository interfaces.
24-11-10.15:55:54.178 [main            ] INFO  TomcatWebServer        - Tomcat initialized with port(s): 8091 (http)
24-11-10.15:55:54.186 [main            ] INFO  Http11NioProtocol      - Initializing ProtocolHandler ["http-nio-8091"]
24-11-10.15:55:54.186 [main            ] INFO  StandardService        - Starting service [Tomcat]
24-11-10.15:55:54.186 [main            ] INFO  StandardEngine         - Starting Servlet engine: [Apache Tomcat/9.0.75]
24-11-10.15:55:54.269 [main            ] INFO  [/]                    - Initializing Spring embedded WebApplicationContext
24-11-10.15:55:54.269 [main            ] INFO  ServletWebServerApplicationContext - Root WebApplicationContext: initialization completed in 1514 ms
24-11-10.15:55:54.526 [main            ] INFO  Version                - Redisson 3.32.0
24-11-10.15:55:54.756 [main            ] WARN  SequentialDnsAddressResolverFactory - DNS TCP fallback on UDP query timeout disabled. Upgrade Netty to 4.1.105 or higher.
24-11-10.15:55:54.868 [redisson-netty-1-4] INFO  ConnectionsHolder      - 1 connections initialized for 127.0.0.1/127.0.0.1:6379
24-11-10.15:55:54.876 [redisson-netty-1-13] INFO  ConnectionsHolder      - 5 connections initialized for 127.0.0.1/127.0.0.1:6379
24-11-10.15:55:56.361 [main            ] INFO  Http11NioProtocol      - Starting ProtocolHandler ["http-nio-8091"]
24-11-10.15:55:56.371 [main            ] INFO  TomcatWebServer        - Tomcat started on port(s): 8091 (http) with context path ''
24-11-10.15:55:56.373 [main            ] INFO  CachingConnectionFactory - Attempting to connect to: [127.0.0.1:5672]
24-11-10.15:55:56.449 [main            ] INFO  CachingConnectionFactory - Created new connection: rabbitConnectionFactory#401c4250:0/SimpleConnection@17c53dfb [delegate=amqp://guest@127.0.0.1:5672/, localPort= 57133]
24-11-10.15:55:56.499 [org.springframework.amqp.rabbit.RabbitListenerEndpointContainer#1-1] INFO  RebateMessageCustomer  - 监听用户行为返利消息 topic: send_rebate message: {"data":{"bizId":"xiaofuge_sku_20241110","rebateConfig":"9011","rebateType":"sign","userId":"xiaofuge"},"id":"28319387299","timestamp":"2024-11-10 09:42:33.57"}
24-11-10.15:55:56.505 [main            ] INFO  Application            - Started Application in 4.379 seconds (JVM running for 5.621)
24-11-10.15:56:05.472 [org.springframework.amqp.rabbit.RabbitListenerEndpointContainer#1-1] INFO  RebateMessageCustomer  - 监听用户行为返利消息 - 非sku奖励暂时不处理 topic: send_rebate message: {"data":{"bizId":"xiaofuge_sku_20241110","rebateConfig":"9011","rebateType":"sign","userId":"xiaofuge"},"id":"28319387299","timestamp":"2024-11-10 09:42:33.57"}
24-11-10.15:56:05.501 [pool-3-thread-2 ] INFO  HikariDataSource       - Retail_HikariCP - Starting...
24-11-10.15:56:05.501 [pool-3-thread-1 ] INFO  HikariDataSource       - Retail_HikariCP - Starting...
24-11-10.15:56:05.503 [org.springframework.amqp.rabbit.RabbitListenerEndpointContainer#1-1] INFO  RebateMessageCustomer  - 监听用户行为返利消息 topic: send_rebate message: {"data":{"bizId":"xiaofuge_integral_20241110","rebateConfig":"10","rebateType":"sign","userId":"xiaofuge"},"id":"03168303999","timestamp":"2024-11-10 09:42:33.571"}
24-11-10.15:56:05.504 [org.springframework.amqp.rabbit.RabbitListenerEndpointContainer#1-1] INFO  RebateMessageCustomer  - 监听用户行为返利消息 - 非sku奖励暂时不处理 topic: send_rebate message: {"data":{"bizId":"xiaofuge_integral_20241110","rebateConfig":"10","rebateType":"sign","userId":"xiaofuge"},"id":"03168303999","timestamp":"2024-11-10 09:42:33.571"}
24-11-10.15:56:05.658 [org.springframework.amqp.rabbit.RabbitListenerEndpointContainer#0-2] INFO  SimpleMessageListenerContainer - Waiting for workers to finish.
24-11-10.15:56:05.659 [org.springframework.amqp.rabbit.RabbitListenerEndpointContainer#1-2] INFO  SimpleMessageListenerContainer - Waiting for workers to finish.
24-11-10.15:56:05.660 [org.springframework.amqp.rabbit.RabbitListenerEndpointContainer#2-2] INFO  SimpleMessageListenerContainer - Waiting for workers to finish.
24-11-10.15:56:05.724 [pool-3-thread-1 ] INFO  HikariDataSource       - Retail_HikariCP - Start completed.
24-11-10.15:56:05.724 [pool-3-thread-2 ] INFO  HikariDataSource       - Retail_HikariCP - Start completed.
24-11-10.15:56:06.492 [org.springframework.amqp.rabbit.RabbitListenerEndpointContainer#2-2] INFO  SimpleMessageListenerContainer - Successfully waited for workers to finish.
24-11-10.15:56:06.492 [org.springframework.amqp.rabbit.RabbitListenerEndpointContainer#0-2] INFO  SimpleMessageListenerContainer - Successfully waited for workers to finish.
24-11-10.15:56:06.520 [org.springframework.amqp.rabbit.RabbitListenerEndpointContainer#1-2] INFO  SimpleMessageListenerContainer - Successfully waited for workers to finish.
24-11-10.15:57:15.726 [main            ] INFO  Application            - Starting Application using Java 1.8.0_412 on ZhongRui with PID 3952 (E:\new_big_market\big-market\big-market-app\target\classes started by zhong in E:\new_big_market\big-market)
24-11-10.15:57:15.727 [main            ] INFO  Application            - The following 1 profile is active: "dev"
24-11-10.15:57:16.247 [main            ] INFO  RepositoryConfigurationDelegate - Multiple Spring Data modules found, entering strict repository configuration mode
24-11-10.15:57:16.249 [main            ] INFO  RepositoryConfigurationDelegate - Bootstrapping Spring Data Redis repositories in DEFAULT mode.
24-11-10.15:57:16.279 [main            ] INFO  RepositoryConfigurationDelegate - Finished Spring Data repository scanning in 19 ms. Found 0 Redis repository interfaces.
24-11-10.15:57:16.834 [main            ] INFO  TomcatWebServer        - Tomcat initialized with port(s): 8091 (http)
24-11-10.15:57:16.841 [main            ] INFO  Http11NioProtocol      - Initializing ProtocolHandler ["http-nio-8091"]
24-11-10.15:57:16.842 [main            ] INFO  StandardService        - Starting service [Tomcat]
24-11-10.15:57:16.842 [main            ] INFO  StandardEngine         - Starting Servlet engine: [Apache Tomcat/9.0.75]
24-11-10.15:57:16.923 [main            ] INFO  [/]                    - Initializing Spring embedded WebApplicationContext
24-11-10.15:57:16.923 [main            ] INFO  ServletWebServerApplicationContext - Root WebApplicationContext: initialization completed in 1159 ms
24-11-10.15:57:17.155 [main            ] INFO  Version                - Redisson 3.32.0
24-11-10.15:57:17.386 [main            ] WARN  SequentialDnsAddressResolverFactory - DNS TCP fallback on UDP query timeout disabled. Upgrade Netty to 4.1.105 or higher.
24-11-10.15:57:17.483 [redisson-netty-1-4] INFO  ConnectionsHolder      - 1 connections initialized for 127.0.0.1/127.0.0.1:6379
24-11-10.15:57:17.492 [redisson-netty-1-13] INFO  ConnectionsHolder      - 5 connections initialized for 127.0.0.1/127.0.0.1:6379
24-11-10.15:57:18.730 [main            ] INFO  Http11NioProtocol      - Starting ProtocolHandler ["http-nio-8091"]
24-11-10.15:57:18.739 [main            ] INFO  TomcatWebServer        - Tomcat started on port(s): 8091 (http) with context path ''
24-11-10.15:57:18.741 [main            ] INFO  CachingConnectionFactory - Attempting to connect to: [127.0.0.1:5672]
24-11-10.15:57:18.764 [main            ] INFO  CachingConnectionFactory - Created new connection: rabbitConnectionFactory#55acec99:0/SimpleConnection@49c83262 [delegate=amqp://guest@127.0.0.1:5672/, localPort= 57583]
24-11-10.15:57:18.806 [main            ] INFO  Application            - Started Application in 3.427 seconds (JVM running for 4.098)
24-11-10.15:57:20.037 [pool-3-thread-1 ] INFO  HikariDataSource       - Retail_HikariCP - Starting...
24-11-10.15:57:20.037 [pool-3-thread-2 ] INFO  HikariDataSource       - Retail_HikariCP - Starting...
24-11-10.15:57:20.181 [pool-3-thread-1 ] INFO  HikariDataSource       - Retail_HikariCP - Start completed.
24-11-10.15:57:20.181 [pool-3-thread-2 ] INFO  HikariDataSource       - Retail_HikariCP - Start completed.
24-11-10.15:57:30.035 [http-nio-8091-exec-3] INFO  [/]                    - Initializing Spring DispatcherServlet 'dispatcherServlet'
24-11-10.15:57:30.035 [http-nio-8091-exec-3] INFO  DispatcherServlet      - Initializing Servlet 'dispatcherServlet'
24-11-10.15:57:30.036 [http-nio-8091-exec-3] INFO  DispatcherServlet      - Completed initialization in 1 ms
24-11-10.15:57:30.070 [http-nio-8091-exec-3] INFO  RaffleActivityController - 日历签到返利开始 userId:xiaofuge
24-11-10.15:57:41.743 [http-nio-8091-exec-3] INFO  HikariDataSource       - Retail_HikariCP - Starting...
24-11-10.15:57:41.755 [http-nio-8091-exec-3] INFO  HikariDataSource       - Retail_HikariCP - Start completed.
24-11-10.15:58:11.363 [Retail_HikariCP housekeeper] WARN  HikariPool             - Retail_HikariCP - Thread starvation or clock leap detected (housekeeper delta=59s605ms618µs700ns).
24-11-10.15:58:11.363 [Retail_HikariCP housekeeper] WARN  HikariPool             - Retail_HikariCP - Thread starvation or clock leap detected (housekeeper delta=51s75ms603µs300ns).
24-11-10.15:58:11.363 [Retail_HikariCP housekeeper] WARN  HikariPool             - Retail_HikariCP - Thread starvation or clock leap detected (housekeeper delta=51s75ms617µs800ns).
24-11-10.15:59:43.645 [Retail_HikariCP housekeeper] WARN  HikariPool             - Retail_HikariCP - Thread starvation or clock leap detected (housekeeper delta=1m32s283ms912µs300ns).
24-11-10.15:59:43.645 [Retail_HikariCP housekeeper] WARN  HikariPool             - Retail_HikariCP - Thread starvation or clock leap detected (housekeeper delta=1m32s283ms794µs100ns).
24-11-10.15:59:43.645 [Retail_HikariCP housekeeper] WARN  HikariPool             - Retail_HikariCP - Thread starvation or clock leap detected (housekeeper delta=1m32s283ms811µs700ns).
24-11-10.15:59:43.657 [pool-3-thread-20] INFO  EventPublisher         - 发送MQ消息 topic:send_rebate message:{"data":{"bizId":"xiaofuge_integral_20241110","rebateConfig":"10","rebateType":"sign","userId":"xiaofuge"},"id":"10636822545","timestamp":1731225461765}
24-11-10.15:59:43.657 [pool-3-thread-19] INFO  EventPublisher         - 发送MQ消息 topic:send_rebate message:{"data":{"bizId":"xiaofuge_sku_20241110","rebateConfig":"9011","rebateType":"sign","userId":"xiaofuge"},"id":"62041812339","timestamp":1731225461763}
24-11-10.15:59:43.661 [http-nio-8091-exec-3] INFO  EventPublisher         - 发送MQ消息 topic:send_rebate message:{"data":{"bizId":"xiaofuge_sku_20241110","rebateConfig":"9011","rebateType":"sign","userId":"xiaofuge"},"id":"62041812339","timestamp":"2024-11-10 15:57:41.763"}
24-11-10.15:59:44.239 [org.springframework.amqp.rabbit.RabbitListenerEndpointContainer#1-1] INFO  RebateMessageCustomer  - 监听用户行为返利消息 topic: send_rebate message: {"data":{"bizId":"xiaofuge_sku_20241110","rebateConfig":"9011","rebateType":"sign","userId":"xiaofuge"},"id":"62041812339","timestamp":1731225461763}
24-11-10.15:59:46.111 [http-nio-8091-exec-3] INFO  EventPublisher         - 发送MQ消息 topic:send_rebate message:{"data":{"bizId":"xiaofuge_integral_20241110","rebateConfig":"10","rebateType":"sign","userId":"xiaofuge"},"id":"10636822545","timestamp":"2024-11-10 15:57:41.765"}
24-11-10.15:59:46.122 [http-nio-8091-exec-3] INFO  RaffleActivityController - 日历签到返利完成 userId:xiaofuge orderIds: ["194772556509","071538438847"]
24-11-10.16:00:07.895 [org.springframework.amqp.rabbit.RabbitListenerEndpointContainer#1-1] INFO  RebateMessageCustomer  - 监听用户行为返利消息 - 非sku奖励暂时不处理 topic: send_rebate message: {"data":{"bizId":"xiaofuge_sku_20241110","rebateConfig":"9011","rebateType":"sign","userId":"xiaofuge"},"id":"62041812339","timestamp":1731225461763}
24-11-10.16:00:07.898 [org.springframework.amqp.rabbit.RabbitListenerEndpointContainer#1-1] INFO  RebateMessageCustomer  - 监听用户行为返利消息 topic: send_rebate message: {"data":{"bizId":"xiaofuge_integral_20241110","rebateConfig":"10","rebateType":"sign","userId":"xiaofuge"},"id":"10636822545","timestamp":1731225461765}
24-11-10.16:00:14.134 [org.springframework.amqp.rabbit.RabbitListenerEndpointContainer#1-1] INFO  RebateMessageCustomer  - 监听用户行为返利消息 - 非sku奖励暂时不处理 topic: send_rebate message: {"data":{"bizId":"xiaofuge_integral_20241110","rebateConfig":"10","rebateType":"sign","userId":"xiaofuge"},"id":"10636822545","timestamp":1731225461765}
24-11-10.16:00:16.697 [org.springframework.amqp.rabbit.RabbitListenerEndpointContainer#1-1] INFO  RebateMessageCustomer  - 监听用户行为返利消息 topic: send_rebate message: {"data":{"bizId":"xiaofuge_sku_20241110","rebateConfig":"9011","rebateType":"sign","userId":"xiaofuge"},"id":"62041812339","timestamp":"2024-11-10 15:57:41.763"}
24-11-10.16:00:19.621 [org.springframework.amqp.rabbit.RabbitListenerEndpointContainer#1-1] INFO  RebateMessageCustomer  - 监听用户行为返利消息 - 非sku奖励暂时不处理 topic: send_rebate message: {"data":{"bizId":"xiaofuge_sku_20241110","rebateConfig":"9011","rebateType":"sign","userId":"xiaofuge"},"id":"62041812339","timestamp":"2024-11-10 15:57:41.763"}
24-11-10.16:00:20.466 [org.springframework.amqp.rabbit.RabbitListenerEndpointContainer#1-1] INFO  RebateMessageCustomer  - 监听用户行为返利消息 topic: send_rebate message: {"data":{"bizId":"xiaofuge_integral_20241110","rebateConfig":"10","rebateType":"sign","userId":"xiaofuge"},"id":"10636822545","timestamp":"2024-11-10 15:57:41.765"}
24-11-10.16:00:20.936 [org.springframework.amqp.rabbit.RabbitListenerEndpointContainer#1-1] INFO  RebateMessageCustomer  - 监听用户行为返利消息 - 非sku奖励暂时不处理 topic: send_rebate message: {"data":{"bizId":"xiaofuge_integral_20241110","rebateConfig":"10","rebateType":"sign","userId":"xiaofuge"},"id":"10636822545","timestamp":"2024-11-10 15:57:41.765"}
24-11-10.16:01:02.300 [org.springframework.amqp.rabbit.RabbitListenerEndpointContainer#0-2] INFO  SimpleMessageListenerContainer - Waiting for workers to finish.
24-11-10.16:01:02.300 [org.springframework.amqp.rabbit.RabbitListenerEndpointContainer#1-2] INFO  SimpleMessageListenerContainer - Waiting for workers to finish.
24-11-10.16:01:02.301 [org.springframework.amqp.rabbit.RabbitListenerEndpointContainer#2-2] INFO  SimpleMessageListenerContainer - Waiting for workers to finish.
24-11-10.16:01:02.347 [org.springframework.amqp.rabbit.RabbitListenerEndpointContainer#0-2] INFO  SimpleMessageListenerContainer - Successfully waited for workers to finish.
24-11-10.16:01:02.347 [org.springframework.amqp.rabbit.RabbitListenerEndpointContainer#1-2] INFO  SimpleMessageListenerContainer - Successfully waited for workers to finish.
24-11-10.16:01:02.348 [org.springframework.amqp.rabbit.RabbitListenerEndpointContainer#2-2] INFO  SimpleMessageListenerContainer - Successfully waited for workers to finish.
24-11-10.16:01:02.508 [SpringApplicationShutdownHook] INFO  SimpleMessageListenerContainer - Shutdown ignored - container is already stopped
24-11-10.16:01:02.508 [SpringApplicationShutdownHook] INFO  SimpleMessageListenerContainer - Shutdown ignored - container is already stopped
24-11-10.16:01:02.508 [SpringApplicationShutdownHook] INFO  SimpleMessageListenerContainer - Shutdown ignored - container is already stopped
24-11-10.16:05:42.160 [main            ] INFO  Application            - Starting Application using Java 1.8.0_412 on ZhongRui with PID 28556 (E:\new_big_market\big-market\big-market-app\target\classes started by zhong in E:\new_big_market\big-market)
24-11-10.16:05:42.161 [main            ] INFO  Application            - The following 1 profile is active: "dev"
24-11-10.16:05:42.691 [main            ] INFO  RepositoryConfigurationDelegate - Multiple Spring Data modules found, entering strict repository configuration mode
24-11-10.16:05:42.693 [main            ] INFO  RepositoryConfigurationDelegate - Bootstrapping Spring Data Redis repositories in DEFAULT mode.
24-11-10.16:05:42.724 [main            ] INFO  RepositoryConfigurationDelegate - Finished Spring Data repository scanning in 19 ms. Found 0 Redis repository interfaces.
24-11-10.16:05:43.298 [main            ] INFO  TomcatWebServer        - Tomcat initialized with port(s): 8091 (http)
24-11-10.16:05:43.305 [main            ] INFO  Http11NioProtocol      - Initializing ProtocolHandler ["http-nio-8091"]
24-11-10.16:05:43.305 [main            ] INFO  StandardService        - Starting service [Tomcat]
24-11-10.16:05:43.305 [main            ] INFO  StandardEngine         - Starting Servlet engine: [Apache Tomcat/9.0.75]
24-11-10.16:05:43.379 [main            ] INFO  [/]                    - Initializing Spring embedded WebApplicationContext
24-11-10.16:05:43.379 [main            ] INFO  ServletWebServerApplicationContext - Root WebApplicationContext: initialization completed in 1188 ms
24-11-10.16:05:43.595 [main            ] INFO  Version                - Redisson 3.32.0
24-11-10.16:05:43.812 [main            ] WARN  SequentialDnsAddressResolverFactory - DNS TCP fallback on UDP query timeout disabled. Upgrade Netty to 4.1.105 or higher.
24-11-10.16:05:43.908 [redisson-netty-1-4] INFO  ConnectionsHolder      - 1 connections initialized for 127.0.0.1/127.0.0.1:6379
24-11-10.16:05:43.919 [redisson-netty-1-13] INFO  ConnectionsHolder      - 5 connections initialized for 127.0.0.1/127.0.0.1:6379
24-11-10.16:05:45.151 [main            ] INFO  Http11NioProtocol      - Starting ProtocolHandler ["http-nio-8091"]
24-11-10.16:05:45.160 [main            ] INFO  TomcatWebServer        - Tomcat started on port(s): 8091 (http) with context path ''
24-11-10.16:05:45.162 [main            ] INFO  CachingConnectionFactory - Attempting to connect to: [127.0.0.1:5672]
24-11-10.16:05:45.183 [main            ] INFO  CachingConnectionFactory - Created new connection: rabbitConnectionFactory#778a1250:0/SimpleConnection@6be766d1 [delegate=amqp://guest@127.0.0.1:5672/, localPort= 58670]
24-11-10.16:05:45.226 [main            ] INFO  Application            - Started Application in 3.444 seconds (JVM running for 4.21)
24-11-10.16:05:50.041 [pool-3-thread-2 ] INFO  HikariDataSource       - Retail_HikariCP - Starting...
24-11-10.16:05:50.041 [pool-3-thread-1 ] INFO  HikariDataSource       - Retail_HikariCP - Starting...
24-11-10.16:05:50.211 [pool-3-thread-2 ] INFO  HikariDataSource       - Retail_HikariCP - Start completed.
24-11-10.16:05:50.211 [pool-3-thread-1 ] INFO  HikariDataSource       - Retail_HikariCP - Start completed.
24-11-10.16:05:54.169 [http-nio-8091-exec-2] INFO  [/]                    - Initializing Spring DispatcherServlet 'dispatcherServlet'
24-11-10.16:05:54.169 [http-nio-8091-exec-2] INFO  DispatcherServlet      - Initializing Servlet 'dispatcherServlet'
24-11-10.16:05:54.169 [http-nio-8091-exec-2] INFO  DispatcherServlet      - Completed initialization in 0 ms
24-11-10.16:05:54.205 [http-nio-8091-exec-2] INFO  RaffleActivityController - 日历签到返利开始 userId:xiaofuge
24-11-10.16:05:54.207 [http-nio-8091-exec-2] INFO  HikariDataSource       - Retail_HikariCP - Starting...
24-11-10.16:05:54.219 [http-nio-8091-exec-2] INFO  HikariDataSource       - Retail_HikariCP - Start completed.
24-11-10.16:05:54.358 [http-nio-8091-exec-2] INFO  EventPublisher         - 发送MQ消息 topic:send_rebate message:{"data":{"bizId":"xiaofuge_sku_20241110","rebateConfig":"9011","rebateType":"sign","userId":"xiaofuge"},"id":"62341673128","timestamp":"2024-11-10 16:05:54.229"}
24-11-10.16:05:54.372 [org.springframework.amqp.rabbit.RabbitListenerEndpointContainer#1-1] INFO  RebateMessageCustomer  - 监听用户行为返利消息 topic: send_rebate message: {"data":{"bizId":"xiaofuge_sku_20241110","rebateConfig":"9011","rebateType":"sign","userId":"xiaofuge"},"id":"62341673128","timestamp":"2024-11-10 16:05:54.229"}
24-11-10.16:05:54.372 [http-nio-8091-exec-2] INFO  EventPublisher         - 发送MQ消息 topic:send_rebate message:{"data":{"bizId":"xiaofuge_integral_20241110","rebateConfig":"10","rebateType":"sign","userId":"xiaofuge"},"id":"34226652345","timestamp":"2024-11-10 16:05:54.229"}
24-11-10.16:05:54.380 [http-nio-8091-exec-2] INFO  RaffleActivityController - 日历签到返利完成 userId:xiaofuge orderIds: ["068767912603","780058867699"]
24-11-10.16:05:54.394 [org.springframework.amqp.rabbit.RabbitListenerEndpointContainer#1-1] INFO  RebateMessageCustomer  - 监听用户行为返利消息 - 非sku奖励暂时不处理 topic: send_rebate message: {"data":{"bizId":"xiaofuge_sku_20241110","rebateConfig":"9011","rebateType":"sign","userId":"xiaofuge"},"id":"62341673128","timestamp":"2024-11-10 16:05:54.229"}
24-11-10.16:05:54.400 [org.springframework.amqp.rabbit.RabbitListenerEndpointContainer#1-1] INFO  RebateMessageCustomer  - 监听用户行为返利消息 topic: send_rebate message: {"data":{"bizId":"xiaofuge_integral_20241110","rebateConfig":"10","rebateType":"sign","userId":"xiaofuge"},"id":"34226652345","timestamp":"2024-11-10 16:05:54.229"}
24-11-10.16:05:54.401 [org.springframework.amqp.rabbit.RabbitListenerEndpointContainer#1-1] INFO  RebateMessageCustomer  - 监听用户行为返利消息 - 非sku奖励暂时不处理 topic: send_rebate message: {"data":{"bizId":"xiaofuge_integral_20241110","rebateConfig":"10","rebateType":"sign","userId":"xiaofuge"},"id":"34226652345","timestamp":"2024-11-10 16:05:54.229"}
24-11-10.16:06:07.976 [http-nio-8091-exec-3] INFO  RaffleActivityController - 日历签到返利开始 userId:xiaofuge
24-11-10.16:06:08.025 [http-nio-8091-exec-3] ERROR BehaviorRebateRepository - 写入返利记录，唯一索引冲突 userId: xiaofuge
org.springframework.dao.DuplicateKeyException: 
### Error updating database.  Cause: java.sql.SQLIntegrityConstraintViolationException: Duplicate entry 'xiaofuge_sku_20241110' for key 'user_behavior_rebate_order_001.uq_biz_id'
### The error may exist in file [E:\new_big_market\big-market\big-market-app\target\classes\mybatis\mapper\user_behavior_rebate_order_mapper.xml]
### The error may involve cn.bugstack.infrastructure.persistent.dao.IUserBehaviorRebateOrderDao.insert-Inline
### The error occurred while setting parameters
### SQL: insert into user_behavior_rebate_order_001(user_id, order_id, behavior_type, rebate_desc, rebate_type,                                                rebate_config, biz_id, create_time, update_time)         values (?, ?, ?, ?, ?, ?, ?, now(),                 now())
### Cause: java.sql.SQLIntegrityConstraintViolationException: Duplicate entry 'xiaofuge_sku_20241110' for key 'user_behavior_rebate_order_001.uq_biz_id'
; Duplicate entry 'xiaofuge_sku_20241110' for key 'user_behavior_rebate_order_001.uq_biz_id'; nested exception is java.sql.SQLIntegrityConstraintViolationException: Duplicate entry 'xiaofuge_sku_20241110' for key 'user_behavior_rebate_order_001.uq_biz_id'
	at org.springframework.jdbc.support.SQLErrorCodeSQLExceptionTranslator.doTranslate(SQLErrorCodeSQLExceptionTranslator.java:247)
	at org.springframework.jdbc.support.AbstractFallbackSQLExceptionTranslator.translate(AbstractFallbackSQLExceptionTranslator.java:70)
	at org.mybatis.spring.MyBatisExceptionTranslator.translateExceptionIfPossible(MyBatisExceptionTranslator.java:91)
	at org.mybatis.spring.SqlSessionTemplate$SqlSessionInterceptor.invoke(SqlSessionTemplate.java:441)
	at com.sun.proxy.$Proxy92.insert(Unknown Source)
	at org.mybatis.spring.SqlSessionTemplate.insert(SqlSessionTemplate.java:272)
	at org.apache.ibatis.binding.MapperMethod.execute(MapperMethod.java:62)
	at org.apache.ibatis.binding.MapperProxy$PlainMethodInvoker.invoke(MapperProxy.java:152)
	at org.apache.ibatis.binding.MapperProxy.invoke(MapperProxy.java:85)
	at com.sun.proxy.$Proxy120.insert(Unknown Source)
	at cn.bugstack.infrastructure.persistent.repository.BehaviorRebateRepository.lambda$saveUserRebateRecord$0(BehaviorRebateRepository.java:86)
	at org.springframework.transaction.support.TransactionTemplate.execute(TransactionTemplate.java:140)
	at cn.bugstack.infrastructure.persistent.repository.BehaviorRebateRepository.saveUserRebateRecord(BehaviorRebateRepository.java:72)
	at cn.bugstack.infrastructure.persistent.repository.BehaviorRebateRepository$$FastClassBySpringCGLIB$$2af6d2e0.invoke(<generated>)
	at org.springframework.cglib.proxy.MethodProxy.invoke(MethodProxy.java:218)
	at org.springframework.aop.framework.CglibAopProxy$CglibMethodInvocation.invokeJoinpoint(CglibAopProxy.java:793)
	at org.springframework.aop.framework.ReflectiveMethodInvocation.proceed(ReflectiveMethodInvocation.java:163)
	at org.springframework.aop.framework.CglibAopProxy$CglibMethodInvocation.proceed(CglibAopProxy.java:763)
	at org.springframework.dao.support.PersistenceExceptionTranslationInterceptor.invoke(PersistenceExceptionTranslationInterceptor.java:137)
	at org.springframework.aop.framework.ReflectiveMethodInvocation.proceed(ReflectiveMethodInvocation.java:186)
	at org.springframework.aop.framework.CglibAopProxy$CglibMethodInvocation.proceed(CglibAopProxy.java:763)
	at org.springframework.aop.framework.CglibAopProxy$DynamicAdvisedInterceptor.intercept(CglibAopProxy.java:708)
	at cn.bugstack.infrastructure.persistent.repository.BehaviorRebateRepository$$EnhancerBySpringCGLIB$$18bf5ec.saveUserRebateRecord(<generated>)
	at cn.bugstack.domain.rebate.service.BehaviorRebateService.createOrder(BehaviorRebateService.java:88)
	at cn.bugstack.trigger.http.RaffleActivityController.calendarSignRebate(RaffleActivityController.java:193)
	at sun.reflect.NativeMethodAccessorImpl.invoke0(Native Method)
	at sun.reflect.NativeMethodAccessorImpl.invoke(NativeMethodAccessorImpl.java:62)
	at sun.reflect.DelegatingMethodAccessorImpl.invoke(DelegatingMethodAccessorImpl.java:43)
	at java.lang.reflect.Method.invoke(Method.java:498)
	at org.springframework.web.method.support.InvocableHandlerMethod.doInvoke(InvocableHandlerMethod.java:205)
	at org.springframework.web.method.support.InvocableHandlerMethod.invokeForRequest(InvocableHandlerMethod.java:150)
	at org.springframework.web.servlet.mvc.method.annotation.ServletInvocableHandlerMethod.invokeAndHandle(ServletInvocableHandlerMethod.java:117)
	at org.springframework.web.servlet.mvc.method.annotation.RequestMappingHandlerAdapter.invokeHandlerMethod(RequestMappingHandlerAdapter.java:895)
	at org.springframework.web.servlet.mvc.method.annotation.RequestMappingHandlerAdapter.handleInternal(RequestMappingHandlerAdapter.java:808)
	at org.springframework.web.servlet.mvc.method.AbstractHandlerMethodAdapter.handle(AbstractHandlerMethodAdapter.java:87)
	at org.springframework.web.servlet.DispatcherServlet.doDispatch(DispatcherServlet.java:1072)
	at org.springframework.web.servlet.DispatcherServlet.doService(DispatcherServlet.java:965)
	at org.springframework.web.servlet.FrameworkServlet.processRequest(FrameworkServlet.java:1006)
	at org.springframework.web.servlet.FrameworkServlet.doPost(FrameworkServlet.java:909)
	at javax.servlet.http.HttpServlet.service(HttpServlet.java:555)
	at org.springframework.web.servlet.FrameworkServlet.service(FrameworkServlet.java:883)
	at javax.servlet.http.HttpServlet.service(HttpServlet.java:623)
	at org.apache.catalina.core.ApplicationFilterChain.internalDoFilter(ApplicationFilterChain.java:209)
	at org.apache.catalina.core.ApplicationFilterChain.doFilter(ApplicationFilterChain.java:153)
	at org.apache.tomcat.websocket.server.WsFilter.doFilter(WsFilter.java:51)
	at org.apache.catalina.core.ApplicationFilterChain.internalDoFilter(ApplicationFilterChain.java:178)
	at org.apache.catalina.core.ApplicationFilterChain.doFilter(ApplicationFilterChain.java:153)
	at org.springframework.web.filter.RequestContextFilter.doFilterInternal(RequestContextFilter.java:100)
	at org.springframework.web.filter.OncePerRequestFilter.doFilter(OncePerRequestFilter.java:117)
	at org.apache.catalina.core.ApplicationFilterChain.internalDoFilter(ApplicationFilterChain.java:178)
	at org.apache.catalina.core.ApplicationFilterChain.doFilter(ApplicationFilterChain.java:153)
	at org.springframework.web.filter.FormContentFilter.doFilterInternal(FormContentFilter.java:93)
	at org.springframework.web.filter.OncePerRequestFilter.doFilter(OncePerRequestFilter.java:117)
	at org.apache.catalina.core.ApplicationFilterChain.internalDoFilter(ApplicationFilterChain.java:178)
	at org.apache.catalina.core.ApplicationFilterChain.doFilter(ApplicationFilterChain.java:153)
	at org.springframework.web.filter.CharacterEncodingFilter.doFilterInternal(CharacterEncodingFilter.java:201)
	at org.springframework.web.filter.OncePerRequestFilter.doFilter(OncePerRequestFilter.java:117)
	at org.apache.catalina.core.ApplicationFilterChain.internalDoFilter(ApplicationFilterChain.java:178)
	at org.apache.catalina.core.ApplicationFilterChain.doFilter(ApplicationFilterChain.java:153)
	at org.apache.catalina.core.StandardWrapperValve.invoke(StandardWrapperValve.java:167)
	at org.apache.catalina.core.StandardContextValve.invoke(StandardContextValve.java:90)
	at org.apache.catalina.authenticator.AuthenticatorBase.invoke(AuthenticatorBase.java:481)
	at org.apache.catalina.core.StandardHostValve.invoke(StandardHostValve.java:130)
	at org.apache.catalina.valves.ErrorReportValve.invoke(ErrorReportValve.java:93)
	at org.apache.catalina.core.StandardEngineValve.invoke(StandardEngineValve.java:74)
	at org.apache.catalina.connector.CoyoteAdapter.service(CoyoteAdapter.java:343)
	at org.apache.coyote.http11.Http11Processor.service(Http11Processor.java:390)
	at org.apache.coyote.AbstractProcessorLight.process(AbstractProcessorLight.java:63)
	at org.apache.coyote.AbstractProtocol$ConnectionHandler.process(AbstractProtocol.java:926)
	at org.apache.tomcat.util.net.NioEndpoint$SocketProcessor.doRun(NioEndpoint.java:1791)
	at org.apache.tomcat.util.net.SocketProcessorBase.run(SocketProcessorBase.java:52)
	at org.apache.tomcat.util.threads.ThreadPoolExecutor.runWorker(ThreadPoolExecutor.java:1191)
	at org.apache.tomcat.util.threads.ThreadPoolExecutor$Worker.run(ThreadPoolExecutor.java:659)
	at org.apache.tomcat.util.threads.TaskThread$WrappingRunnable.run(TaskThread.java:61)
	at java.lang.Thread.run(Thread.java:750)
Caused by: java.sql.SQLIntegrityConstraintViolationException: Duplicate entry 'xiaofuge_sku_20241110' for key 'user_behavior_rebate_order_001.uq_biz_id'
	at com.mysql.cj.jdbc.exceptions.SQLError.createSQLException(SQLError.java:117)
	at com.mysql.cj.jdbc.exceptions.SQLError.createSQLException(SQLError.java:97)
	at com.mysql.cj.jdbc.exceptions.SQLExceptionsMapping.translateException(SQLExceptionsMapping.java:122)
	at com.mysql.cj.jdbc.ClientPreparedStatement.executeInternal(ClientPreparedStatement.java:953)
	at com.mysql.cj.jdbc.ClientPreparedStatement.execute(ClientPreparedStatement.java:370)
	at com.zaxxer.hikari.pool.ProxyPreparedStatement.execute(ProxyPreparedStatement.java:44)
	at com.zaxxer.hikari.pool.HikariProxyPreparedStatement.execute(HikariProxyPreparedStatement.java)
	at org.apache.ibatis.executor.statement.PreparedStatementHandler.update(PreparedStatementHandler.java:47)
	at org.apache.ibatis.executor.statement.RoutingStatementHandler.update(RoutingStatementHandler.java:74)
	at sun.reflect.NativeMethodAccessorImpl.invoke0(Native Method)
	at sun.reflect.NativeMethodAccessorImpl.invoke(NativeMethodAccessorImpl.java:62)
	at sun.reflect.DelegatingMethodAccessorImpl.invoke(DelegatingMethodAccessorImpl.java:43)
	at java.lang.reflect.Method.invoke(Method.java:498)
	at org.apache.ibatis.plugin.Plugin.invoke(Plugin.java:63)
	at com.sun.proxy.$Proxy152.update(Unknown Source)
	at org.apache.ibatis.executor.SimpleExecutor.doUpdate(SimpleExecutor.java:50)
	at org.apache.ibatis.executor.BaseExecutor.update(BaseExecutor.java:117)
	at org.apache.ibatis.executor.CachingExecutor.update(CachingExecutor.java:76)
	at org.apache.ibatis.session.defaults.DefaultSqlSession.update(DefaultSqlSession.java:197)
	at org.apache.ibatis.session.defaults.DefaultSqlSession.insert(DefaultSqlSession.java:184)
	at sun.reflect.NativeMethodAccessorImpl.invoke0(Native Method)
	at sun.reflect.NativeMethodAccessorImpl.invoke(NativeMethodAccessorImpl.java:62)
	at sun.reflect.DelegatingMethodAccessorImpl.invoke(DelegatingMethodAccessorImpl.java:43)
	at java.lang.reflect.Method.invoke(Method.java:498)
	at org.mybatis.spring.SqlSessionTemplate$SqlSessionInterceptor.invoke(SqlSessionTemplate.java:427)
	... 71 common frames omitted
24-11-10.16:06:08.031 [http-nio-8091-exec-3] ERROR RaffleActivityController - 日历签到返利异常 userId:xiaofuge 
cn.bugstack.types.exception.AppException: null
	at cn.bugstack.infrastructure.persistent.repository.BehaviorRebateRepository.lambda$saveUserRebateRecord$0(BehaviorRebateRepository.java:102)
	at org.springframework.transaction.support.TransactionTemplate.execute(TransactionTemplate.java:140)
	at cn.bugstack.infrastructure.persistent.repository.BehaviorRebateRepository.saveUserRebateRecord(BehaviorRebateRepository.java:72)
	at cn.bugstack.infrastructure.persistent.repository.BehaviorRebateRepository$$FastClassBySpringCGLIB$$2af6d2e0.invoke(<generated>)
	at org.springframework.cglib.proxy.MethodProxy.invoke(MethodProxy.java:218)
	at org.springframework.aop.framework.CglibAopProxy$CglibMethodInvocation.invokeJoinpoint(CglibAopProxy.java:793)
	at org.springframework.aop.framework.ReflectiveMethodInvocation.proceed(ReflectiveMethodInvocation.java:163)
	at org.springframework.aop.framework.CglibAopProxy$CglibMethodInvocation.proceed(CglibAopProxy.java:763)
	at org.springframework.dao.support.PersistenceExceptionTranslationInterceptor.invoke(PersistenceExceptionTranslationInterceptor.java:137)
	at org.springframework.aop.framework.ReflectiveMethodInvocation.proceed(ReflectiveMethodInvocation.java:186)
	at org.springframework.aop.framework.CglibAopProxy$CglibMethodInvocation.proceed(CglibAopProxy.java:763)
	at org.springframework.aop.framework.CglibAopProxy$DynamicAdvisedInterceptor.intercept(CglibAopProxy.java:708)
	at cn.bugstack.infrastructure.persistent.repository.BehaviorRebateRepository$$EnhancerBySpringCGLIB$$18bf5ec.saveUserRebateRecord(<generated>)
	at cn.bugstack.domain.rebate.service.BehaviorRebateService.createOrder(BehaviorRebateService.java:88)
	at cn.bugstack.trigger.http.RaffleActivityController.calendarSignRebate(RaffleActivityController.java:193)
	at sun.reflect.NativeMethodAccessorImpl.invoke0(Native Method)
	at sun.reflect.NativeMethodAccessorImpl.invoke(NativeMethodAccessorImpl.java:62)
	at sun.reflect.DelegatingMethodAccessorImpl.invoke(DelegatingMethodAccessorImpl.java:43)
	at java.lang.reflect.Method.invoke(Method.java:498)
	at org.springframework.web.method.support.InvocableHandlerMethod.doInvoke(InvocableHandlerMethod.java:205)
	at org.springframework.web.method.support.InvocableHandlerMethod.invokeForRequest(InvocableHandlerMethod.java:150)
	at org.springframework.web.servlet.mvc.method.annotation.ServletInvocableHandlerMethod.invokeAndHandle(ServletInvocableHandlerMethod.java:117)
	at org.springframework.web.servlet.mvc.method.annotation.RequestMappingHandlerAdapter.invokeHandlerMethod(RequestMappingHandlerAdapter.java:895)
	at org.springframework.web.servlet.mvc.method.annotation.RequestMappingHandlerAdapter.handleInternal(RequestMappingHandlerAdapter.java:808)
	at org.springframework.web.servlet.mvc.method.AbstractHandlerMethodAdapter.handle(AbstractHandlerMethodAdapter.java:87)
	at org.springframework.web.servlet.DispatcherServlet.doDispatch(DispatcherServlet.java:1072)
	at org.springframework.web.servlet.DispatcherServlet.doService(DispatcherServlet.java:965)
	at org.springframework.web.servlet.FrameworkServlet.processRequest(FrameworkServlet.java:1006)
	at org.springframework.web.servlet.FrameworkServlet.doPost(FrameworkServlet.java:909)
	at javax.servlet.http.HttpServlet.service(HttpServlet.java:555)
	at org.springframework.web.servlet.FrameworkServlet.service(FrameworkServlet.java:883)
	at javax.servlet.http.HttpServlet.service(HttpServlet.java:623)
	at org.apache.catalina.core.ApplicationFilterChain.internalDoFilter(ApplicationFilterChain.java:209)
	at org.apache.catalina.core.ApplicationFilterChain.doFilter(ApplicationFilterChain.java:153)
	at org.apache.tomcat.websocket.server.WsFilter.doFilter(WsFilter.java:51)
	at org.apache.catalina.core.ApplicationFilterChain.internalDoFilter(ApplicationFilterChain.java:178)
	at org.apache.catalina.core.ApplicationFilterChain.doFilter(ApplicationFilterChain.java:153)
	at org.springframework.web.filter.RequestContextFilter.doFilterInternal(RequestContextFilter.java:100)
	at org.springframework.web.filter.OncePerRequestFilter.doFilter(OncePerRequestFilter.java:117)
	at org.apache.catalina.core.ApplicationFilterChain.internalDoFilter(ApplicationFilterChain.java:178)
	at org.apache.catalina.core.ApplicationFilterChain.doFilter(ApplicationFilterChain.java:153)
	at org.springframework.web.filter.FormContentFilter.doFilterInternal(FormContentFilter.java:93)
	at org.springframework.web.filter.OncePerRequestFilter.doFilter(OncePerRequestFilter.java:117)
	at org.apache.catalina.core.ApplicationFilterChain.internalDoFilter(ApplicationFilterChain.java:178)
	at org.apache.catalina.core.ApplicationFilterChain.doFilter(ApplicationFilterChain.java:153)
	at org.springframework.web.filter.CharacterEncodingFilter.doFilterInternal(CharacterEncodingFilter.java:201)
	at org.springframework.web.filter.OncePerRequestFilter.doFilter(OncePerRequestFilter.java:117)
	at org.apache.catalina.core.ApplicationFilterChain.internalDoFilter(ApplicationFilterChain.java:178)
	at org.apache.catalina.core.ApplicationFilterChain.doFilter(ApplicationFilterChain.java:153)
	at org.apache.catalina.core.StandardWrapperValve.invoke(StandardWrapperValve.java:167)
	at org.apache.catalina.core.StandardContextValve.invoke(StandardContextValve.java:90)
	at org.apache.catalina.authenticator.AuthenticatorBase.invoke(AuthenticatorBase.java:481)
	at org.apache.catalina.core.StandardHostValve.invoke(StandardHostValve.java:130)
	at org.apache.catalina.valves.ErrorReportValve.invoke(ErrorReportValve.java:93)
	at org.apache.catalina.core.StandardEngineValve.invoke(StandardEngineValve.java:74)
	at org.apache.catalina.connector.CoyoteAdapter.service(CoyoteAdapter.java:343)
	at org.apache.coyote.http11.Http11Processor.service(Http11Processor.java:390)
	at org.apache.coyote.AbstractProcessorLight.process(AbstractProcessorLight.java:63)
	at org.apache.coyote.AbstractProtocol$ConnectionHandler.process(AbstractProtocol.java:926)
	at org.apache.tomcat.util.net.NioEndpoint$SocketProcessor.doRun(NioEndpoint.java:1791)
	at org.apache.tomcat.util.net.SocketProcessorBase.run(SocketProcessorBase.java:52)
	at org.apache.tomcat.util.threads.ThreadPoolExecutor.runWorker(ThreadPoolExecutor.java:1191)
	at org.apache.tomcat.util.threads.ThreadPoolExecutor$Worker.run(ThreadPoolExecutor.java:659)
	at org.apache.tomcat.util.threads.TaskThread$WrappingRunnable.run(TaskThread.java:61)
	at java.lang.Thread.run(Thread.java:750)
Caused by: org.springframework.dao.DuplicateKeyException: 
### Error updating database.  Cause: java.sql.SQLIntegrityConstraintViolationException: Duplicate entry 'xiaofuge_sku_20241110' for key 'user_behavior_rebate_order_001.uq_biz_id'
### The error may exist in file [E:\new_big_market\big-market\big-market-app\target\classes\mybatis\mapper\user_behavior_rebate_order_mapper.xml]
### The error may involve cn.bugstack.infrastructure.persistent.dao.IUserBehaviorRebateOrderDao.insert-Inline
### The error occurred while setting parameters
### SQL: insert into user_behavior_rebate_order_001(user_id, order_id, behavior_type, rebate_desc, rebate_type,                                                rebate_config, biz_id, create_time, update_time)         values (?, ?, ?, ?, ?, ?, ?, now(),                 now())
### Cause: java.sql.SQLIntegrityConstraintViolationException: Duplicate entry 'xiaofuge_sku_20241110' for key 'user_behavior_rebate_order_001.uq_biz_id'
; Duplicate entry 'xiaofuge_sku_20241110' for key 'user_behavior_rebate_order_001.uq_biz_id'; nested exception is java.sql.SQLIntegrityConstraintViolationException: Duplicate entry 'xiaofuge_sku_20241110' for key 'user_behavior_rebate_order_001.uq_biz_id'
	at org.springframework.jdbc.support.SQLErrorCodeSQLExceptionTranslator.doTranslate(SQLErrorCodeSQLExceptionTranslator.java:247)
	at org.springframework.jdbc.support.AbstractFallbackSQLExceptionTranslator.translate(AbstractFallbackSQLExceptionTranslator.java:70)
	at org.mybatis.spring.MyBatisExceptionTranslator.translateExceptionIfPossible(MyBatisExceptionTranslator.java:91)
	at org.mybatis.spring.SqlSessionTemplate$SqlSessionInterceptor.invoke(SqlSessionTemplate.java:441)
	at com.sun.proxy.$Proxy92.insert(Unknown Source)
	at org.mybatis.spring.SqlSessionTemplate.insert(SqlSessionTemplate.java:272)
	at org.apache.ibatis.binding.MapperMethod.execute(MapperMethod.java:62)
	at org.apache.ibatis.binding.MapperProxy$PlainMethodInvoker.invoke(MapperProxy.java:152)
	at org.apache.ibatis.binding.MapperProxy.invoke(MapperProxy.java:85)
	at com.sun.proxy.$Proxy120.insert(Unknown Source)
	at cn.bugstack.infrastructure.persistent.repository.BehaviorRebateRepository.lambda$saveUserRebateRecord$0(BehaviorRebateRepository.java:86)
	... 64 common frames omitted
Caused by: java.sql.SQLIntegrityConstraintViolationException: Duplicate entry 'xiaofuge_sku_20241110' for key 'user_behavior_rebate_order_001.uq_biz_id'
	at com.mysql.cj.jdbc.exceptions.SQLError.createSQLException(SQLError.java:117)
	at com.mysql.cj.jdbc.exceptions.SQLError.createSQLException(SQLError.java:97)
	at com.mysql.cj.jdbc.exceptions.SQLExceptionsMapping.translateException(SQLExceptionsMapping.java:122)
	at com.mysql.cj.jdbc.ClientPreparedStatement.executeInternal(ClientPreparedStatement.java:953)
	at com.mysql.cj.jdbc.ClientPreparedStatement.execute(ClientPreparedStatement.java:370)
	at com.zaxxer.hikari.pool.ProxyPreparedStatement.execute(ProxyPreparedStatement.java:44)
	at com.zaxxer.hikari.pool.HikariProxyPreparedStatement.execute(HikariProxyPreparedStatement.java)
	at org.apache.ibatis.executor.statement.PreparedStatementHandler.update(PreparedStatementHandler.java:47)
	at org.apache.ibatis.executor.statement.RoutingStatementHandler.update(RoutingStatementHandler.java:74)
	at sun.reflect.NativeMethodAccessorImpl.invoke0(Native Method)
	at sun.reflect.NativeMethodAccessorImpl.invoke(NativeMethodAccessorImpl.java:62)
	at sun.reflect.DelegatingMethodAccessorImpl.invoke(DelegatingMethodAccessorImpl.java:43)
	at java.lang.reflect.Method.invoke(Method.java:498)
	at org.apache.ibatis.plugin.Plugin.invoke(Plugin.java:63)
	at com.sun.proxy.$Proxy152.update(Unknown Source)
	at org.apache.ibatis.executor.SimpleExecutor.doUpdate(SimpleExecutor.java:50)
	at org.apache.ibatis.executor.BaseExecutor.update(BaseExecutor.java:117)
	at org.apache.ibatis.executor.CachingExecutor.update(CachingExecutor.java:76)
	at org.apache.ibatis.session.defaults.DefaultSqlSession.update(DefaultSqlSession.java:197)
	at org.apache.ibatis.session.defaults.DefaultSqlSession.insert(DefaultSqlSession.java:184)
	at sun.reflect.NativeMethodAccessorImpl.invoke0(Native Method)
	at sun.reflect.NativeMethodAccessorImpl.invoke(NativeMethodAccessorImpl.java:62)
	at sun.reflect.DelegatingMethodAccessorImpl.invoke(DelegatingMethodAccessorImpl.java:43)
	at java.lang.reflect.Method.invoke(Method.java:498)
	at org.mybatis.spring.SqlSessionTemplate$SqlSessionInterceptor.invoke(SqlSessionTemplate.java:427)
	... 71 common frames omitted
24-11-10.16:06:42.331 [org.springframework.amqp.rabbit.RabbitListenerEndpointContainer#0-2] INFO  SimpleMessageListenerContainer - Waiting for workers to finish.
24-11-10.16:06:42.331 [org.springframework.amqp.rabbit.RabbitListenerEndpointContainer#1-2] INFO  SimpleMessageListenerContainer - Waiting for workers to finish.
24-11-10.16:06:42.332 [org.springframework.amqp.rabbit.RabbitListenerEndpointContainer#2-2] INFO  SimpleMessageListenerContainer - Waiting for workers to finish.
24-11-10.16:06:42.717 [org.springframework.amqp.rabbit.RabbitListenerEndpointContainer#0-2] INFO  SimpleMessageListenerContainer - Successfully waited for workers to finish.
24-11-10.16:06:42.717 [org.springframework.amqp.rabbit.RabbitListenerEndpointContainer#2-2] INFO  SimpleMessageListenerContainer - Successfully waited for workers to finish.
24-11-10.16:06:42.807 [org.springframework.amqp.rabbit.RabbitListenerEndpointContainer#1-2] INFO  SimpleMessageListenerContainer - Successfully waited for workers to finish.
24-11-10.16:06:42.960 [SpringApplicationShutdownHook] INFO  SimpleMessageListenerContainer - Shutdown ignored - container is already stopped
24-11-10.16:06:42.960 [SpringApplicationShutdownHook] INFO  SimpleMessageListenerContainer - Shutdown ignored - container is already stopped
24-11-10.16:06:42.960 [SpringApplicationShutdownHook] INFO  SimpleMessageListenerContainer - Shutdown ignored - container is already stopped
24-11-10.16:08:46.179 [main            ] INFO  Application            - Starting Application using Java 1.8.0_412 on ZhongRui with PID 37824 (E:\new_big_market\big-market\big-market-app\target\classes started by zhong in E:\new_big_market\big-market)
24-11-10.16:08:46.181 [main            ] INFO  Application            - The following 1 profile is active: "dev"
24-11-10.16:08:46.811 [main            ] INFO  RepositoryConfigurationDelegate - Multiple Spring Data modules found, entering strict repository configuration mode
24-11-10.16:08:46.814 [main            ] INFO  RepositoryConfigurationDelegate - Bootstrapping Spring Data Redis repositories in DEFAULT mode.
24-11-10.16:08:46.855 [main            ] INFO  RepositoryConfigurationDelegate - Finished Spring Data repository scanning in 26 ms. Found 0 Redis repository interfaces.
24-11-10.16:08:47.458 [main            ] INFO  TomcatWebServer        - Tomcat initialized with port(s): 8091 (http)
24-11-10.16:08:47.466 [main            ] INFO  Http11NioProtocol      - Initializing ProtocolHandler ["http-nio-8091"]
24-11-10.16:08:47.467 [main            ] INFO  StandardService        - Starting service [Tomcat]
24-11-10.16:08:47.467 [main            ] INFO  StandardEngine         - Starting Servlet engine: [Apache Tomcat/9.0.75]
24-11-10.16:08:47.547 [main            ] INFO  [/]                    - Initializing Spring embedded WebApplicationContext
24-11-10.16:08:47.548 [main            ] INFO  ServletWebServerApplicationContext - Root WebApplicationContext: initialization completed in 1330 ms
24-11-10.16:08:47.800 [main            ] INFO  Version                - Redisson 3.32.0
24-11-10.16:08:48.030 [main            ] WARN  SequentialDnsAddressResolverFactory - DNS TCP fallback on UDP query timeout disabled. Upgrade Netty to 4.1.105 or higher.
24-11-10.16:08:48.139 [redisson-netty-1-4] INFO  ConnectionsHolder      - 1 connections initialized for 127.0.0.1/127.0.0.1:6379
24-11-10.16:08:48.150 [redisson-netty-1-13] INFO  ConnectionsHolder      - 5 connections initialized for 127.0.0.1/127.0.0.1:6379
24-11-10.16:08:49.501 [main            ] INFO  Http11NioProtocol      - Starting ProtocolHandler ["http-nio-8091"]
24-11-10.16:08:49.512 [main            ] INFO  TomcatWebServer        - Tomcat started on port(s): 8091 (http) with context path ''
24-11-10.16:08:49.513 [main            ] INFO  CachingConnectionFactory - Attempting to connect to: [127.0.0.1:5672]
24-11-10.16:08:49.540 [main            ] INFO  CachingConnectionFactory - Created new connection: rabbitConnectionFactory#25b38203:0/SimpleConnection@76b305e1 [delegate=amqp://guest@127.0.0.1:5672/, localPort= 59377]
24-11-10.16:08:49.589 [main            ] INFO  Application            - Started Application in 3.787 seconds (JVM running for 4.498)
24-11-10.16:08:50.033 [pool-3-thread-2 ] INFO  HikariDataSource       - Retail_HikariCP - Starting...
24-11-10.16:08:50.033 [pool-3-thread-1 ] INFO  HikariDataSource       - Retail_HikariCP - Starting...
24-11-10.16:08:50.242 [pool-3-thread-1 ] INFO  HikariDataSource       - Retail_HikariCP - Start completed.
24-11-10.16:08:50.243 [pool-3-thread-2 ] INFO  HikariDataSource       - Retail_HikariCP - Start completed.
24-11-10.16:08:54.682 [http-nio-8091-exec-2] INFO  [/]                    - Initializing Spring DispatcherServlet 'dispatcherServlet'
24-11-10.16:08:54.682 [http-nio-8091-exec-2] INFO  DispatcherServlet      - Initializing Servlet 'dispatcherServlet'
24-11-10.16:08:54.683 [http-nio-8091-exec-2] INFO  DispatcherServlet      - Completed initialization in 1 ms
24-11-10.16:08:54.711 [http-nio-8091-exec-2] INFO  RaffleActivityController - 日历签到返利开始 userId:xiaofuge
24-11-10.16:08:54.714 [http-nio-8091-exec-2] INFO  HikariDataSource       - Retail_HikariCP - Starting...
24-11-10.16:08:54.722 [http-nio-8091-exec-2] INFO  HikariDataSource       - Retail_HikariCP - Start completed.
24-11-10.16:08:54.843 [http-nio-8091-exec-2] INFO  EventPublisher         - 发送MQ消息 topic:send_rebate message:{"data":{"bizId":"xiaofuge_sku_20241110","rebateConfig":"9011","rebateType":"sign","userId":"xiaofuge"},"id":"12144974444","timestamp":"2024-11-10 16:08:54.729"}
24-11-10.16:08:54.853 [org.springframework.amqp.rabbit.RabbitListenerEndpointContainer#1-1] INFO  RebateMessageCustomer  - 监听用户行为返利消息 topic: send_rebate message: {"data":{"bizId":"xiaofuge_sku_20241110","rebateConfig":"9011","rebateType":"sign","userId":"xiaofuge"},"id":"12144974444","timestamp":"2024-11-10 16:08:54.729"}
24-11-10.16:08:54.856 [http-nio-8091-exec-2] INFO  EventPublisher         - 发送MQ消息 topic:send_rebate message:{"data":{"bizId":"xiaofuge_integral_20241110","rebateConfig":"10","rebateType":"sign","userId":"xiaofuge"},"id":"75276418739","timestamp":"2024-11-10 16:08:54.73"}
24-11-10.16:08:54.860 [http-nio-8091-exec-2] INFO  RaffleActivityController - 日历签到返利完成 userId:xiaofuge orderIds: ["411339054524","501403988069"]
24-11-10.16:08:54.872 [org.springframework.amqp.rabbit.RabbitListenerEndpointContainer#1-1] INFO  RebateMessageCustomer  - 监听用户行为返利消息 - 非sku奖励暂时不处理 topic: send_rebate message: {"data":{"bizId":"xiaofuge_sku_20241110","rebateConfig":"9011","rebateType":"sign","userId":"xiaofuge"},"id":"12144974444","timestamp":"2024-11-10 16:08:54.729"}
24-11-10.16:08:54.877 [org.springframework.amqp.rabbit.RabbitListenerEndpointContainer#1-1] INFO  RebateMessageCustomer  - 监听用户行为返利消息 topic: send_rebate message: {"data":{"bizId":"xiaofuge_integral_20241110","rebateConfig":"10","rebateType":"sign","userId":"xiaofuge"},"id":"75276418739","timestamp":"2024-11-10 16:08:54.73"}
24-11-10.16:08:54.878 [org.springframework.amqp.rabbit.RabbitListenerEndpointContainer#1-1] INFO  RebateMessageCustomer  - 监听用户行为返利消息 - 非sku奖励暂时不处理 topic: send_rebate message: {"data":{"bizId":"xiaofuge_integral_20241110","rebateConfig":"10","rebateType":"sign","userId":"xiaofuge"},"id":"75276418739","timestamp":"2024-11-10 16:08:54.73"}
24-11-10.16:09:49.164 [org.springframework.amqp.rabbit.RabbitListenerEndpointContainer#0-2] INFO  SimpleMessageListenerContainer - Waiting for workers to finish.
24-11-10.16:09:49.165 [org.springframework.amqp.rabbit.RabbitListenerEndpointContainer#1-2] INFO  SimpleMessageListenerContainer - Waiting for workers to finish.
24-11-10.16:09:49.165 [org.springframework.amqp.rabbit.RabbitListenerEndpointContainer#2-2] INFO  SimpleMessageListenerContainer - Waiting for workers to finish.
24-11-10.16:09:49.327 [org.springframework.amqp.rabbit.RabbitListenerEndpointContainer#1-2] INFO  SimpleMessageListenerContainer - Successfully waited for workers to finish.
24-11-10.16:09:50.078 [org.springframework.amqp.rabbit.RabbitListenerEndpointContainer#2-2] INFO  SimpleMessageListenerContainer - Successfully waited for workers to finish.
24-11-10.16:09:50.078 [org.springframework.amqp.rabbit.RabbitListenerEndpointContainer#0-2] INFO  SimpleMessageListenerContainer - Successfully waited for workers to finish.
24-11-10.16:09:50.237 [SpringApplicationShutdownHook] INFO  SimpleMessageListenerContainer - Shutdown ignored - container is already stopped
24-11-10.16:09:50.237 [SpringApplicationShutdownHook] INFO  SimpleMessageListenerContainer - Shutdown ignored - container is already stopped
24-11-10.16:09:50.237 [SpringApplicationShutdownHook] INFO  SimpleMessageListenerContainer - Shutdown ignored - container is already stopped
24-11-10.16:10:54.708 [main            ] INFO  Application            - Starting Application using Java 1.8.0_412 on ZhongRui with PID 22576 (E:\new_big_market\big-market\big-market-app\target\classes started by zhong in E:\new_big_market\big-market)
24-11-10.16:10:54.709 [main            ] INFO  Application            - The following 1 profile is active: "dev"
24-11-10.16:10:55.413 [main            ] INFO  RepositoryConfigurationDelegate - Multiple Spring Data modules found, entering strict repository configuration mode
24-11-10.16:10:55.415 [main            ] INFO  RepositoryConfigurationDelegate - Bootstrapping Spring Data Redis repositories in DEFAULT mode.
24-11-10.16:10:55.446 [main            ] INFO  RepositoryConfigurationDelegate - Finished Spring Data repository scanning in 19 ms. Found 0 Redis repository interfaces.
24-11-10.16:10:55.987 [main            ] INFO  TomcatWebServer        - Tomcat initialized with port(s): 8091 (http)
24-11-10.16:10:55.993 [main            ] INFO  Http11NioProtocol      - Initializing ProtocolHandler ["http-nio-8091"]
24-11-10.16:10:55.994 [main            ] INFO  StandardService        - Starting service [Tomcat]
24-11-10.16:10:55.994 [main            ] INFO  StandardEngine         - Starting Servlet engine: [Apache Tomcat/9.0.75]
24-11-10.16:10:56.073 [main            ] INFO  [/]                    - Initializing Spring embedded WebApplicationContext
24-11-10.16:10:56.074 [main            ] INFO  ServletWebServerApplicationContext - Root WebApplicationContext: initialization completed in 1320 ms
24-11-10.16:10:56.306 [main            ] INFO  Version                - Redisson 3.32.0
24-11-10.16:10:56.559 [main            ] WARN  SequentialDnsAddressResolverFactory - DNS TCP fallback on UDP query timeout disabled. Upgrade Netty to 4.1.105 or higher.
24-11-10.16:10:56.665 [redisson-netty-1-4] INFO  ConnectionsHolder      - 1 connections initialized for 127.0.0.1/127.0.0.1:6379
24-11-10.16:10:56.683 [redisson-netty-1-13] INFO  ConnectionsHolder      - 5 connections initialized for 127.0.0.1/127.0.0.1:6379
24-11-10.16:10:58.058 [main            ] INFO  Http11NioProtocol      - Starting ProtocolHandler ["http-nio-8091"]
24-11-10.16:10:58.067 [main            ] INFO  TomcatWebServer        - Tomcat started on port(s): 8091 (http) with context path ''
24-11-10.16:10:58.069 [main            ] INFO  CachingConnectionFactory - Attempting to connect to: [127.0.0.1:5672]
24-11-10.16:10:58.090 [main            ] INFO  CachingConnectionFactory - Created new connection: rabbitConnectionFactory#7f3ca64a:0/SimpleConnection@77bb916f [delegate=amqp://guest@127.0.0.1:5672/, localPort= 59856]
24-11-10.16:10:58.134 [main            ] INFO  Application            - Started Application in 3.778 seconds (JVM running for 4.464)
24-11-10.16:10:58.919 [http-nio-8091-exec-4] INFO  [/]                    - Initializing Spring DispatcherServlet 'dispatcherServlet'
24-11-10.16:10:58.919 [http-nio-8091-exec-4] INFO  DispatcherServlet      - Initializing Servlet 'dispatcherServlet'
24-11-10.16:10:58.920 [http-nio-8091-exec-4] INFO  DispatcherServlet      - Completed initialization in 1 ms
24-11-10.16:10:58.946 [http-nio-8091-exec-4] INFO  RaffleActivityController - 日历签到返利开始 userId:xiaofuge
24-11-10.16:10:58.963 [http-nio-8091-exec-4] INFO  HikariDataSource       - Retail_HikariCP - Starting...
24-11-10.16:10:59.120 [http-nio-8091-exec-4] INFO  HikariDataSource       - Retail_HikariCP - Start completed.
24-11-10.16:13:01.019 [Retail_HikariCP housekeeper] WARN  HikariPool             - Retail_HikariCP - Thread starvation or clock leap detected (housekeeper delta=2m31s898ms916µs400ns).
24-11-10.16:13:01.026 [http-nio-8091-exec-4] INFO  HikariDataSource       - Retail_HikariCP - Starting...
24-11-10.16:13:01.031 [pool-3-thread-2 ] INFO  HikariDataSource       - Retail_HikariCP - Starting...
24-11-10.16:13:01.046 [http-nio-8091-exec-4] INFO  HikariDataSource       - Retail_HikariCP - Start completed.
24-11-10.16:13:01.049 [pool-3-thread-2 ] INFO  HikariDataSource       - Retail_HikariCP - Start completed.
24-11-10.16:14:54.686 [Retail_HikariCP housekeeper] WARN  HikariPool             - Retail_HikariCP - Thread starvation or clock leap detected (housekeeper delta=1m48s993ms908µs400ns).
24-11-10.16:14:54.687 [Retail_HikariCP housekeeper] WARN  HikariPool             - Retail_HikariCP - Thread starvation or clock leap detected (housekeeper delta=1m53s669ms21µs).
24-11-10.16:14:54.688 [Retail_HikariCP housekeeper] WARN  HikariPool             - Retail_HikariCP - Thread starvation or clock leap detected (housekeeper delta=1m48s995ms188µs900ns).
24-11-10.16:14:54.705 [pool-3-thread-5 ] INFO  EventPublisher         - 发送MQ消息 topic:send_rebate message:{"data":{"bizId":"xiaofuge_sku_20241110","rebateConfig":"9011","rebateType":"sign","userId":"xiaofuge"},"id":"19302025401","timestamp":1731226259145}
24-11-10.16:14:54.707 [pool-3-thread-6 ] INFO  EventPublisher         - 发送MQ消息 topic:send_rebate message:{"data":{"bizId":"xiaofuge_integral_20241110","rebateConfig":"10","rebateType":"sign","userId":"xiaofuge"},"id":"49110533695","timestamp":1731226259146}
24-11-10.16:14:54.710 [pool-3-thread-10] INFO  EventPublisher         - 发送MQ消息 topic:send_rebate message:{"data":{"bizId":"xiaofuge_integral_20241110","rebateConfig":"10","rebateType":"sign","userId":"xiaofuge"},"id":"49110533695","timestamp":1731226259146}
24-11-10.16:14:54.714 [pool-3-thread-9 ] INFO  EventPublisher         - 发送MQ消息 topic:send_rebate message:{"data":{"bizId":"xiaofuge_sku_20241110","rebateConfig":"9011","rebateType":"sign","userId":"xiaofuge"},"id":"19302025401","timestamp":1731226259145}
24-11-10.16:14:54.721 [http-nio-8091-exec-4] INFO  EventPublisher         - 发送MQ消息 topic:send_rebate message:{"data":{"bizId":"xiaofuge_sku_20241110","rebateConfig":"9011","rebateType":"sign","userId":"xiaofuge"},"id":"19302025401","timestamp":"2024-11-10 16:10:59.145"}
24-11-10.16:14:54.729 [http-nio-8091-exec-4] INFO  EventPublisher         - 发送MQ消息 topic:send_rebate message:{"data":{"bizId":"xiaofuge_integral_20241110","rebateConfig":"10","rebateType":"sign","userId":"xiaofuge"},"id":"49110533695","timestamp":"2024-11-10 16:10:59.146"}
24-11-10.16:14:54.730 [org.springframework.amqp.rabbit.RabbitListenerEndpointContainer#1-1] INFO  RebateMessageCustomer  - 监听用户行为返利消息 topic: send_rebate message: {"data":{"bizId":"xiaofuge_sku_20241110","rebateConfig":"9011","rebateType":"sign","userId":"xiaofuge"},"id":"19302025401","timestamp":1731226259145}
24-11-10.16:14:54.732 [http-nio-8091-exec-4] INFO  RaffleActivityController - 日历签到返利完成 userId:xiaofuge orderIds: ["276950085817","438015251489"]
24-11-10.16:14:54.766 [org.springframework.amqp.rabbit.RabbitListenerEndpointContainer#1-1] INFO  RebateMessageCustomer  - 监听用户行为返利消息 - 非sku奖励暂时不处理 topic: send_rebate message: {"data":{"bizId":"xiaofuge_sku_20241110","rebateConfig":"9011","rebateType":"sign","userId":"xiaofuge"},"id":"19302025401","timestamp":1731226259145}
24-11-10.16:14:54.772 [org.springframework.amqp.rabbit.RabbitListenerEndpointContainer#1-1] INFO  RebateMessageCustomer  - 监听用户行为返利消息 topic: send_rebate message: {"data":{"bizId":"xiaofuge_integral_20241110","rebateConfig":"10","rebateType":"sign","userId":"xiaofuge"},"id":"49110533695","timestamp":1731226259146}
24-11-10.16:14:54.773 [org.springframework.amqp.rabbit.RabbitListenerEndpointContainer#1-1] INFO  RebateMessageCustomer  - 监听用户行为返利消息 - 非sku奖励暂时不处理 topic: send_rebate message: {"data":{"bizId":"xiaofuge_integral_20241110","rebateConfig":"10","rebateType":"sign","userId":"xiaofuge"},"id":"49110533695","timestamp":1731226259146}
24-11-10.16:14:54.775 [org.springframework.amqp.rabbit.RabbitListenerEndpointContainer#1-1] INFO  RebateMessageCustomer  - 监听用户行为返利消息 topic: send_rebate message: {"data":{"bizId":"xiaofuge_integral_20241110","rebateConfig":"10","rebateType":"sign","userId":"xiaofuge"},"id":"49110533695","timestamp":1731226259146}
24-11-10.16:14:54.775 [org.springframework.amqp.rabbit.RabbitListenerEndpointContainer#1-1] INFO  RebateMessageCustomer  - 监听用户行为返利消息 - 非sku奖励暂时不处理 topic: send_rebate message: {"data":{"bizId":"xiaofuge_integral_20241110","rebateConfig":"10","rebateType":"sign","userId":"xiaofuge"},"id":"49110533695","timestamp":1731226259146}
24-11-10.16:14:54.777 [org.springframework.amqp.rabbit.RabbitListenerEndpointContainer#1-1] INFO  RebateMessageCustomer  - 监听用户行为返利消息 topic: send_rebate message: {"data":{"bizId":"xiaofuge_sku_20241110","rebateConfig":"9011","rebateType":"sign","userId":"xiaofuge"},"id":"19302025401","timestamp":1731226259145}
24-11-10.16:14:54.777 [org.springframework.amqp.rabbit.RabbitListenerEndpointContainer#1-1] INFO  RebateMessageCustomer  - 监听用户行为返利消息 - 非sku奖励暂时不处理 topic: send_rebate message: {"data":{"bizId":"xiaofuge_sku_20241110","rebateConfig":"9011","rebateType":"sign","userId":"xiaofuge"},"id":"19302025401","timestamp":1731226259145}
24-11-10.16:14:54.779 [org.springframework.amqp.rabbit.RabbitListenerEndpointContainer#1-1] INFO  RebateMessageCustomer  - 监听用户行为返利消息 topic: send_rebate message: {"data":{"bizId":"xiaofuge_sku_20241110","rebateConfig":"9011","rebateType":"sign","userId":"xiaofuge"},"id":"19302025401","timestamp":"2024-11-10 16:10:59.145"}
24-11-10.16:14:54.779 [org.springframework.amqp.rabbit.RabbitListenerEndpointContainer#1-1] INFO  RebateMessageCustomer  - 监听用户行为返利消息 - 非sku奖励暂时不处理 topic: send_rebate message: {"data":{"bizId":"xiaofuge_sku_20241110","rebateConfig":"9011","rebateType":"sign","userId":"xiaofuge"},"id":"19302025401","timestamp":"2024-11-10 16:10:59.145"}
24-11-10.16:14:54.790 [org.springframework.amqp.rabbit.RabbitListenerEndpointContainer#1-1] INFO  RebateMessageCustomer  - 监听用户行为返利消息 topic: send_rebate message: {"data":{"bizId":"xiaofuge_integral_20241110","rebateConfig":"10","rebateType":"sign","userId":"xiaofuge"},"id":"49110533695","timestamp":"2024-11-10 16:10:59.146"}
24-11-10.16:14:54.790 [org.springframework.amqp.rabbit.RabbitListenerEndpointContainer#1-1] INFO  RebateMessageCustomer  - 监听用户行为返利消息 - 非sku奖励暂时不处理 topic: send_rebate message: {"data":{"bizId":"xiaofuge_integral_20241110","rebateConfig":"10","rebateType":"sign","userId":"xiaofuge"},"id":"49110533695","timestamp":"2024-11-10 16:10:59.146"}
24-11-10.16:14:54.878 [org.springframework.amqp.rabbit.RabbitListenerEndpointContainer#0-2] INFO  SimpleMessageListenerContainer - Waiting for workers to finish.
24-11-10.16:14:54.879 [org.springframework.amqp.rabbit.RabbitListenerEndpointContainer#1-2] INFO  SimpleMessageListenerContainer - Waiting for workers to finish.
24-11-10.16:14:54.879 [org.springframework.amqp.rabbit.RabbitListenerEndpointContainer#2-2] INFO  SimpleMessageListenerContainer - Waiting for workers to finish.
24-11-10.16:14:55.704 [org.springframework.amqp.rabbit.RabbitListenerEndpointContainer#0-2] INFO  SimpleMessageListenerContainer - Successfully waited for workers to finish.
24-11-10.16:14:55.706 [org.springframework.amqp.rabbit.RabbitListenerEndpointContainer#2-2] INFO  SimpleMessageListenerContainer - Successfully waited for workers to finish.
24-11-10.16:14:55.794 [org.springframework.amqp.rabbit.RabbitListenerEndpointContainer#1-2] INFO  SimpleMessageListenerContainer - Successfully waited for workers to finish.
24-11-10.16:14:55.958 [SpringApplicationShutdownHook] INFO  SimpleMessageListenerContainer - Shutdown ignored - container is already stopped
24-11-10.16:14:55.959 [SpringApplicationShutdownHook] INFO  SimpleMessageListenerContainer - Shutdown ignored - container is already stopped
24-11-10.16:14:55.959 [SpringApplicationShutdownHook] INFO  SimpleMessageListenerContainer - Shutdown ignored - container is already stopped
24-11-10.16:21:04.178 [main            ] INFO  Application            - Starting Application using Java 1.8.0_412 on ZhongRui with PID 19724 (E:\new_big_market\big-market\big-market-app\target\classes started by zhong in E:\new_big_market\big-market)
24-11-10.16:21:04.179 [main            ] INFO  Application            - The following 1 profile is active: "dev"
24-11-10.16:21:04.877 [main            ] INFO  RepositoryConfigurationDelegate - Multiple Spring Data modules found, entering strict repository configuration mode
24-11-10.16:21:04.879 [main            ] INFO  RepositoryConfigurationDelegate - Bootstrapping Spring Data Redis repositories in DEFAULT mode.
24-11-10.16:21:04.914 [main            ] INFO  RepositoryConfigurationDelegate - Finished Spring Data repository scanning in 21 ms. Found 0 Redis repository interfaces.
24-11-10.16:21:05.520 [main            ] INFO  TomcatWebServer        - Tomcat initialized with port(s): 8091 (http)
24-11-10.16:21:05.528 [main            ] INFO  Http11NioProtocol      - Initializing ProtocolHandler ["http-nio-8091"]
24-11-10.16:21:05.528 [main            ] INFO  StandardService        - Starting service [Tomcat]
24-11-10.16:21:05.528 [main            ] INFO  StandardEngine         - Starting Servlet engine: [Apache Tomcat/9.0.75]
24-11-10.16:21:05.612 [main            ] INFO  [/]                    - Initializing Spring embedded WebApplicationContext
24-11-10.16:21:05.612 [main            ] INFO  ServletWebServerApplicationContext - Root WebApplicationContext: initialization completed in 1402 ms
24-11-10.16:21:05.866 [main            ] INFO  Version                - Redisson 3.32.0
24-11-10.16:21:06.101 [main            ] WARN  SequentialDnsAddressResolverFactory - DNS TCP fallback on UDP query timeout disabled. Upgrade Netty to 4.1.105 or higher.
24-11-10.16:21:06.210 [redisson-netty-1-4] INFO  ConnectionsHolder      - 1 connections initialized for 127.0.0.1/127.0.0.1:6379
24-11-10.16:21:06.221 [redisson-netty-1-13] INFO  ConnectionsHolder      - 5 connections initialized for 127.0.0.1/127.0.0.1:6379
24-11-10.16:21:07.647 [main            ] INFO  Http11NioProtocol      - Starting ProtocolHandler ["http-nio-8091"]
24-11-10.16:21:07.660 [main            ] INFO  TomcatWebServer        - Tomcat started on port(s): 8091 (http) with context path ''
24-11-10.16:21:07.664 [main            ] INFO  CachingConnectionFactory - Attempting to connect to: [127.0.0.1:5672]
24-11-10.16:21:07.704 [main            ] INFO  CachingConnectionFactory - Created new connection: rabbitConnectionFactory#25b38203:0/SimpleConnection@76b305e1 [delegate=amqp://guest@127.0.0.1:5672/, localPort= 61215]
24-11-10.16:21:07.765 [main            ] INFO  Application            - Started Application in 4.013 seconds (JVM running for 4.78)
24-11-10.16:21:10.040 [pool-3-thread-1 ] INFO  HikariDataSource       - Retail_HikariCP - Starting...
24-11-10.16:21:10.040 [pool-3-thread-2 ] INFO  HikariDataSource       - Retail_HikariCP - Starting...
24-11-10.16:21:10.213 [pool-3-thread-2 ] INFO  HikariDataSource       - Retail_HikariCP - Start completed.
24-11-10.16:21:10.213 [pool-3-thread-1 ] INFO  HikariDataSource       - Retail_HikariCP - Start completed.
24-11-10.16:21:52.895 [http-nio-8091-exec-2] INFO  [/]                    - Initializing Spring DispatcherServlet 'dispatcherServlet'
24-11-10.16:21:52.895 [http-nio-8091-exec-2] INFO  DispatcherServlet      - Initializing Servlet 'dispatcherServlet'
24-11-10.16:21:52.896 [http-nio-8091-exec-2] INFO  DispatcherServlet      - Completed initialization in 1 ms
24-11-10.16:21:52.924 [http-nio-8091-exec-2] INFO  RaffleActivityController - 日历签到返利开始 userId:xiaofuge
24-11-10.16:21:52.926 [http-nio-8091-exec-2] INFO  HikariDataSource       - Retail_HikariCP - Starting...
24-11-10.16:21:52.936 [http-nio-8091-exec-2] INFO  HikariDataSource       - Retail_HikariCP - Start completed.
24-11-10.16:21:59.982 [http-nio-8091-exec-2] INFO  EventPublisher         - 发送MQ消息 topic:send_rebate message:{"data":{"bizId":"xiaofuge_sku_20241110","rebateConfig":"9011","rebateType":"sku","userId":"xiaofuge"},"id":"34003374567","timestamp":"2024-11-10 16:21:52.941"}
24-11-10.16:21:59.990 [org.springframework.amqp.rabbit.RabbitListenerEndpointContainer#1-1] INFO  RebateMessageCustomer  - 监听用户行为返利消息 topic: send_rebate message: {"data":{"bizId":"xiaofuge_sku_20241110","rebateConfig":"9011","rebateType":"sku","userId":"xiaofuge"},"id":"34003374567","timestamp":"2024-11-10 16:21:52.941"}
24-11-10.16:21:59.995 [http-nio-8091-exec-2] INFO  EventPublisher         - 发送MQ消息 topic:send_rebate message:{"data":{"bizId":"xiaofuge_integral_20241110","rebateConfig":"10","rebateType":"integral","userId":"xiaofuge"},"id":"89058714690","timestamp":"2024-11-10 16:21:52.943"}
24-11-10.16:21:59.999 [http-nio-8091-exec-2] INFO  RaffleActivityController - 日历签到返利完成 userId:xiaofuge orderIds: ["457686939774","441203846104"]
24-11-10.16:22:14.590 [org.springframework.amqp.rabbit.RabbitListenerEndpointContainer#1-1] INFO  ActivityBaseActionChain - 活动责任链-基础信息【有效期、状态、库存(sku)】校验开始。sku:9011 activityId:100301
24-11-10.16:22:14.590 [org.springframework.amqp.rabbit.RabbitListenerEndpointContainer#1-1] INFO  ActivitySkuStockActionChain - 活动责任链-商品库存处理【有效期、状态、库存(sku)】开始。sku:9011 activityId:100301
24-11-10.16:22:14.594 [org.springframework.amqp.rabbit.RabbitListenerEndpointContainer#1-1] INFO  ActivitySkuStockActionChain - 活动责任链-商品库存处理【有效期、状态、库存(sku)】成功。sku:9011 activityId:100301
24-11-10.16:22:40.477 [scheduling-1    ] INFO  UpdateActivitySkuStockJob - 定时任务，更新活动sku库存 sku:9011 activityId:100301
24-11-10.16:22:47.618 [org.springframework.amqp.rabbit.RabbitListenerEndpointContainer#1-1] INFO  RebateMessageCustomer  - 监听用户行为返利消息 topic: send_rebate message: {"data":{"bizId":"xiaofuge_integral_20241110","rebateConfig":"10","rebateType":"integral","userId":"xiaofuge"},"id":"89058714690","timestamp":"2024-11-10 16:21:52.943"}
24-11-10.16:22:47.619 [org.springframework.amqp.rabbit.RabbitListenerEndpointContainer#1-1] INFO  RebateMessageCustomer  - 监听用户行为返利消息 - 非sku奖励暂时不处理 topic: send_rebate message: {"data":{"bizId":"xiaofuge_integral_20241110","rebateConfig":"10","rebateType":"integral","userId":"xiaofuge"},"id":"89058714690","timestamp":"2024-11-10 16:21:52.943"}
24-11-10.16:22:53.812 [org.springframework.amqp.rabbit.RabbitListenerEndpointContainer#0-2] INFO  SimpleMessageListenerContainer - Waiting for workers to finish.
24-11-10.16:22:53.813 [org.springframework.amqp.rabbit.RabbitListenerEndpointContainer#1-2] INFO  SimpleMessageListenerContainer - Waiting for workers to finish.
24-11-10.16:22:53.814 [org.springframework.amqp.rabbit.RabbitListenerEndpointContainer#2-2] INFO  SimpleMessageListenerContainer - Waiting for workers to finish.
24-11-10.16:22:54.693 [org.springframework.amqp.rabbit.RabbitListenerEndpointContainer#1-2] INFO  SimpleMessageListenerContainer - Successfully waited for workers to finish.
24-11-10.16:22:54.694 [org.springframework.amqp.rabbit.RabbitListenerEndpointContainer#2-2] INFO  SimpleMessageListenerContainer - Successfully waited for workers to finish.
24-11-10.16:22:54.694 [org.springframework.amqp.rabbit.RabbitListenerEndpointContainer#0-2] INFO  SimpleMessageListenerContainer - Successfully waited for workers to finish.
24-11-10.16:22:54.860 [SpringApplicationShutdownHook] INFO  SimpleMessageListenerContainer - Shutdown ignored - container is already stopped
24-11-10.16:22:54.860 [SpringApplicationShutdownHook] INFO  SimpleMessageListenerContainer - Shutdown ignored - container is already stopped
24-11-10.16:22:54.860 [SpringApplicationShutdownHook] INFO  SimpleMessageListenerContainer - Shutdown ignored - container is already stopped
