24-11-03.11:10:17.263 [main            ] INFO  RaffleOrderTest        - Starting RaffleOrderTest using Java 1.8.0_412 on ZhongRui with PID 17804 (started by zhong in E:\new_big_market\big-market\big-market-app)
24-11-03.11:10:17.264 [main            ] INFO  RaffleOrderTest        - The following 1 profile is active: "dev"
24-11-03.11:10:17.936 [main            ] INFO  RepositoryConfigurationDelegate - Multiple Spring Data modules found, entering strict repository configuration mode
24-11-03.11:10:17.940 [main            ] INFO  RepositoryConfigurationDelegate - Bootstrapping Spring Data Redis repositories in DEFAULT mode.
24-11-03.11:10:17.983 [main            ] INFO  RepositoryConfigurationDelegate - Finished Spring Data repository scanning in 26 ms. Found 0 Redis repository interfaces.
24-11-03.11:10:19.794 [main            ] INFO  Version                - Redisson 3.32.0
24-11-03.11:10:20.077 [main            ] WARN  SequentialDnsAddressResolverFactory - DNS TCP fallback on UDP query timeout disabled. Upgrade Netty to 4.1.105 or higher.
24-11-03.11:10:20.227 [redisson-netty-1-4] INFO  ConnectionsHolder      - 1 connections initialized for 127.0.0.1/127.0.0.1:6379
24-11-03.11:10:20.236 [redisson-netty-1-13] INFO  ConnectionsHolder      - 5 connections initialized for 127.0.0.1/127.0.0.1:6379
24-11-03.11:10:23.493 [main            ] INFO  CachingConnectionFactory - Attempting to connect to: [127.0.0.1:5672]
24-11-03.11:10:23.641 [main            ] INFO  CachingConnectionFactory - Created new connection: rabbitConnectionFactory#1cde374:0/SimpleConnection@7b2d58e6 [delegate=amqp://guest@127.0.0.1:5672/, localPort= 55445]
24-11-03.11:10:23.692 [main            ] INFO  RaffleOrderTest        - Started RaffleOrderTest in 6.826 seconds (JVM running for 8.249)
24-11-03.11:10:23.942 [main            ] INFO  HikariDataSource       - Retail_HikariCP - Starting...
24-11-03.11:10:24.251 [main            ] INFO  HikariDataSource       - Retail_HikariCP - Start completed.
24-11-03.11:10:24.315 [main            ] INFO  RaffleOrderTest        - 装配活动：true
24-11-03.11:10:38.957 [scheduling-1    ] INFO  UpdateActivitySkuStockJob - 定时任务，更新活动sku库存【延迟队列获取，降低对数据库的更新频次，不要产生竞争】
24-11-03.11:10:38.973 [scheduling-1    ] INFO  UpdateAwardStockJob    - 定时任务，更新奖品消耗库存【延迟队列获取，降低对数据库的更新频次，不要产生竞争】
24-11-03.11:10:39.042 [main            ] INFO  ActivityBaseActionChain - 活动责任链-基础信息【有效期、状态、库存(sku)】校验开始。sku:9011 activityId:100301
24-11-03.11:10:39.042 [main            ] WARN  RaffleOrderTest        - 活动未开启（非open状态）
24-11-03.11:10:39.047 [main            ] INFO  ActivityBaseActionChain - 活动责任链-基础信息【有效期、状态、库存(sku)】校验开始。sku:9011 activityId:100301
24-11-03.11:10:39.047 [main            ] WARN  RaffleOrderTest        - 活动未开启（非open状态）
24-11-03.11:10:39.050 [main            ] INFO  ActivityBaseActionChain - 活动责任链-基础信息【有效期、状态、库存(sku)】校验开始。sku:9011 activityId:100301
24-11-03.11:10:39.051 [main            ] WARN  RaffleOrderTest        - 活动未开启（非open状态）
24-11-03.11:10:39.054 [main            ] INFO  ActivityBaseActionChain - 活动责任链-基础信息【有效期、状态、库存(sku)】校验开始。sku:9011 activityId:100301
24-11-03.11:10:39.054 [main            ] WARN  RaffleOrderTest        - 活动未开启（非open状态）
24-11-03.11:10:39.060 [main            ] INFO  ActivityBaseActionChain - 活动责任链-基础信息【有效期、状态、库存(sku)】校验开始。sku:9011 activityId:100301
24-11-03.11:10:39.060 [main            ] WARN  RaffleOrderTest        - 活动未开启（非open状态）
24-11-03.11:10:39.064 [main            ] INFO  ActivityBaseActionChain - 活动责任链-基础信息【有效期、状态、库存(sku)】校验开始。sku:9011 activityId:100301
24-11-03.11:10:39.064 [main            ] WARN  RaffleOrderTest        - 活动未开启（非open状态）
24-11-03.11:10:39.068 [main            ] INFO  ActivityBaseActionChain - 活动责任链-基础信息【有效期、状态、库存(sku)】校验开始。sku:9011 activityId:100301
24-11-03.11:10:39.068 [main            ] WARN  RaffleOrderTest        - 活动未开启（非open状态）
24-11-03.11:10:39.072 [main            ] INFO  ActivityBaseActionChain - 活动责任链-基础信息【有效期、状态、库存(sku)】校验开始。sku:9011 activityId:100301
24-11-03.11:10:39.072 [main            ] WARN  RaffleOrderTest        - 活动未开启（非open状态）
24-11-03.11:10:39.076 [main            ] INFO  ActivityBaseActionChain - 活动责任链-基础信息【有效期、状态、库存(sku)】校验开始。sku:9011 activityId:100301
24-11-03.11:10:39.076 [main            ] WARN  RaffleOrderTest        - 活动未开启（非open状态）
24-11-03.11:10:39.080 [main            ] INFO  ActivityBaseActionChain - 活动责任链-基础信息【有效期、状态、库存(sku)】校验开始。sku:9011 activityId:100301
24-11-03.11:10:39.080 [main            ] WARN  RaffleOrderTest        - 活动未开启（非open状态）
24-11-03.11:10:39.084 [main            ] INFO  ActivityBaseActionChain - 活动责任链-基础信息【有效期、状态、库存(sku)】校验开始。sku:9011 activityId:100301
24-11-03.11:10:39.085 [main            ] WARN  RaffleOrderTest        - 活动未开启（非open状态）
24-11-03.11:10:39.088 [main            ] INFO  ActivityBaseActionChain - 活动责任链-基础信息【有效期、状态、库存(sku)】校验开始。sku:9011 activityId:100301
24-11-03.11:10:39.088 [main            ] WARN  RaffleOrderTest        - 活动未开启（非open状态）
24-11-03.11:10:39.092 [main            ] INFO  ActivityBaseActionChain - 活动责任链-基础信息【有效期、状态、库存(sku)】校验开始。sku:9011 activityId:100301
24-11-03.11:10:39.092 [main            ] WARN  RaffleOrderTest        - 活动未开启（非open状态）
24-11-03.11:10:39.096 [main            ] INFO  ActivityBaseActionChain - 活动责任链-基础信息【有效期、状态、库存(sku)】校验开始。sku:9011 activityId:100301
24-11-03.11:10:39.096 [main            ] WARN  RaffleOrderTest        - 活动未开启（非open状态）
24-11-03.11:10:39.101 [main            ] INFO  ActivityBaseActionChain - 活动责任链-基础信息【有效期、状态、库存(sku)】校验开始。sku:9011 activityId:100301
24-11-03.11:10:39.101 [main            ] WARN  RaffleOrderTest        - 活动未开启（非open状态）
24-11-03.11:10:39.104 [main            ] INFO  ActivityBaseActionChain - 活动责任链-基础信息【有效期、状态、库存(sku)】校验开始。sku:9011 activityId:100301
24-11-03.11:10:39.104 [main            ] WARN  RaffleOrderTest        - 活动未开启（非open状态）
24-11-03.11:10:39.108 [main            ] INFO  ActivityBaseActionChain - 活动责任链-基础信息【有效期、状态、库存(sku)】校验开始。sku:9011 activityId:100301
24-11-03.11:10:39.108 [main            ] WARN  RaffleOrderTest        - 活动未开启（非open状态）
24-11-03.11:10:39.111 [main            ] INFO  ActivityBaseActionChain - 活动责任链-基础信息【有效期、状态、库存(sku)】校验开始。sku:9011 activityId:100301
24-11-03.11:10:39.111 [main            ] WARN  RaffleOrderTest        - 活动未开启（非open状态）
24-11-03.11:10:39.116 [main            ] INFO  ActivityBaseActionChain - 活动责任链-基础信息【有效期、状态、库存(sku)】校验开始。sku:9011 activityId:100301
24-11-03.11:10:39.116 [main            ] WARN  RaffleOrderTest        - 活动未开启（非open状态）
24-11-03.11:10:39.119 [main            ] INFO  ActivityBaseActionChain - 活动责任链-基础信息【有效期、状态、库存(sku)】校验开始。sku:9011 activityId:100301
24-11-03.11:10:39.119 [main            ] WARN  RaffleOrderTest        - 活动未开启（非open状态）
24-11-03.11:10:39.601 [org.springframework.amqp.rabbit.RabbitListenerEndpointContainer#0-2] INFO  SimpleMessageListenerContainer - Waiting for workers to finish.
24-11-03.11:10:39.971 [org.springframework.amqp.rabbit.RabbitListenerEndpointContainer#0-2] INFO  SimpleMessageListenerContainer - Successfully waited for workers to finish.
24-11-03.11:10:39.973 [SpringApplicationShutdownHook] INFO  SimpleMessageListenerContainer - Shutdown ignored - container is already stopped
24-11-03.11:12:17.429 [main            ] INFO  RaffleOrderTest        - Starting RaffleOrderTest using Java 1.8.0_412 on ZhongRui with PID 2008 (started by zhong in E:\new_big_market\big-market\big-market-app)
24-11-03.11:12:17.430 [main            ] INFO  RaffleOrderTest        - The following 1 profile is active: "dev"
24-11-03.11:12:18.051 [main            ] INFO  RepositoryConfigurationDelegate - Multiple Spring Data modules found, entering strict repository configuration mode
24-11-03.11:12:18.054 [main            ] INFO  RepositoryConfigurationDelegate - Bootstrapping Spring Data Redis repositories in DEFAULT mode.
24-11-03.11:12:18.094 [main            ] INFO  RepositoryConfigurationDelegate - Finished Spring Data repository scanning in 27 ms. Found 0 Redis repository interfaces.
24-11-03.11:12:19.628 [main            ] INFO  Version                - Redisson 3.32.0
24-11-03.11:12:19.844 [main            ] WARN  SequentialDnsAddressResolverFactory - DNS TCP fallback on UDP query timeout disabled. Upgrade Netty to 4.1.105 or higher.
24-11-03.11:12:19.962 [redisson-netty-1-4] INFO  ConnectionsHolder      - 1 connections initialized for 127.0.0.1/127.0.0.1:6379
24-11-03.11:12:19.972 [redisson-netty-1-13] INFO  ConnectionsHolder      - 5 connections initialized for 127.0.0.1/127.0.0.1:6379
24-11-03.11:12:22.924 [main            ] INFO  CachingConnectionFactory - Attempting to connect to: [127.0.0.1:5672]
24-11-03.11:12:23.111 [main            ] INFO  CachingConnectionFactory - Created new connection: rabbitConnectionFactory#1cde374:0/SimpleConnection@7b2d58e6 [delegate=amqp://guest@127.0.0.1:5672/, localPort= 55855]
24-11-03.11:12:23.185 [main            ] INFO  RaffleOrderTest        - Started RaffleOrderTest in 6.209 seconds (JVM running for 7.162)
24-11-03.11:12:23.403 [main            ] INFO  HikariDataSource       - Retail_HikariCP - Starting...
24-11-03.11:12:23.613 [main            ] INFO  HikariDataSource       - Retail_HikariCP - Start completed.
24-11-03.11:12:23.651 [main            ] INFO  RaffleOrderTest        - 装配活动：true
24-11-03.11:12:37.021 [scheduling-1    ] INFO  UpdateActivitySkuStockJob - 定时任务，更新活动sku库存【延迟队列获取，降低对数据库的更新频次，不要产生竞争】
24-11-03.11:12:37.030 [scheduling-1    ] INFO  UpdateAwardStockJob    - 定时任务，更新奖品消耗库存【延迟队列获取，降低对数据库的更新频次，不要产生竞争】
24-11-03.11:12:54.123 [scheduling-1    ] INFO  UpdateAwardStockJob    - 定时任务，更新奖品消耗库存【延迟队列获取，降低对数据库的更新频次，不要产生竞争】
24-11-03.11:13:03.974 [scheduling-1    ] INFO  UpdateActivitySkuStockJob - 定时任务，更新活动sku库存【延迟队列获取，降低对数据库的更新频次，不要产生竞争】
24-11-03.11:13:03.974 [main            ] INFO  ActivityBaseActionChain - 活动责任链-基础信息【有效期、状态、库存(sku)】校验开始。sku:9011 activityId:100301
24-11-03.11:13:15.174 [Retail_HikariCP housekeeper] WARN  HikariPool             - Retail_HikariCP - Thread starvation or clock leap detected (housekeeper delta=46s358ms218µs300ns).
24-11-03.11:13:17.238 [scheduling-1    ] INFO  UpdateAwardStockJob    - 定时任务，更新奖品消耗库存【延迟队列获取，降低对数据库的更新频次，不要产生竞争】
24-11-03.11:13:17.245 [main            ] WARN  RaffleOrderTest        - 活动未开启（非open状态）
24-11-03.11:13:17.253 [main            ] INFO  ActivityBaseActionChain - 活动责任链-基础信息【有效期、状态、库存(sku)】校验开始。sku:9011 activityId:100301
24-11-03.11:13:17.253 [main            ] WARN  RaffleOrderTest        - 活动未开启（非open状态）
24-11-03.11:13:17.258 [main            ] INFO  ActivityBaseActionChain - 活动责任链-基础信息【有效期、状态、库存(sku)】校验开始。sku:9011 activityId:100301
24-11-03.11:13:17.258 [main            ] WARN  RaffleOrderTest        - 活动未开启（非open状态）
24-11-03.11:13:17.264 [main            ] INFO  ActivityBaseActionChain - 活动责任链-基础信息【有效期、状态、库存(sku)】校验开始。sku:9011 activityId:100301
24-11-03.11:13:17.265 [main            ] WARN  RaffleOrderTest        - 活动未开启（非open状态）
24-11-03.11:13:17.269 [main            ] INFO  ActivityBaseActionChain - 活动责任链-基础信息【有效期、状态、库存(sku)】校验开始。sku:9011 activityId:100301
24-11-03.11:13:17.269 [main            ] WARN  RaffleOrderTest        - 活动未开启（非open状态）
24-11-03.11:13:17.274 [main            ] INFO  ActivityBaseActionChain - 活动责任链-基础信息【有效期、状态、库存(sku)】校验开始。sku:9011 activityId:100301
24-11-03.11:13:17.274 [main            ] WARN  RaffleOrderTest        - 活动未开启（非open状态）
24-11-03.11:13:17.279 [main            ] INFO  ActivityBaseActionChain - 活动责任链-基础信息【有效期、状态、库存(sku)】校验开始。sku:9011 activityId:100301
24-11-03.11:13:17.279 [main            ] WARN  RaffleOrderTest        - 活动未开启（非open状态）
24-11-03.11:13:17.283 [main            ] INFO  ActivityBaseActionChain - 活动责任链-基础信息【有效期、状态、库存(sku)】校验开始。sku:9011 activityId:100301
24-11-03.11:13:17.283 [main            ] WARN  RaffleOrderTest        - 活动未开启（非open状态）
24-11-03.11:13:17.287 [main            ] INFO  ActivityBaseActionChain - 活动责任链-基础信息【有效期、状态、库存(sku)】校验开始。sku:9011 activityId:100301
24-11-03.11:13:17.288 [main            ] WARN  RaffleOrderTest        - 活动未开启（非open状态）
24-11-03.11:13:17.291 [main            ] INFO  ActivityBaseActionChain - 活动责任链-基础信息【有效期、状态、库存(sku)】校验开始。sku:9011 activityId:100301
24-11-03.11:13:17.292 [main            ] WARN  RaffleOrderTest        - 活动未开启（非open状态）
24-11-03.11:13:17.296 [main            ] INFO  ActivityBaseActionChain - 活动责任链-基础信息【有效期、状态、库存(sku)】校验开始。sku:9011 activityId:100301
24-11-03.11:13:17.296 [main            ] WARN  RaffleOrderTest        - 活动未开启（非open状态）
24-11-03.11:13:17.301 [main            ] INFO  ActivityBaseActionChain - 活动责任链-基础信息【有效期、状态、库存(sku)】校验开始。sku:9011 activityId:100301
24-11-03.11:13:17.301 [main            ] WARN  RaffleOrderTest        - 活动未开启（非open状态）
24-11-03.11:13:17.307 [main            ] INFO  ActivityBaseActionChain - 活动责任链-基础信息【有效期、状态、库存(sku)】校验开始。sku:9011 activityId:100301
24-11-03.11:13:17.307 [main            ] WARN  RaffleOrderTest        - 活动未开启（非open状态）
24-11-03.11:13:17.311 [main            ] INFO  ActivityBaseActionChain - 活动责任链-基础信息【有效期、状态、库存(sku)】校验开始。sku:9011 activityId:100301
24-11-03.11:13:17.311 [main            ] WARN  RaffleOrderTest        - 活动未开启（非open状态）
24-11-03.11:13:17.316 [main            ] INFO  ActivityBaseActionChain - 活动责任链-基础信息【有效期、状态、库存(sku)】校验开始。sku:9011 activityId:100301
24-11-03.11:13:17.317 [main            ] WARN  RaffleOrderTest        - 活动未开启（非open状态）
24-11-03.11:13:17.323 [main            ] INFO  ActivityBaseActionChain - 活动责任链-基础信息【有效期、状态、库存(sku)】校验开始。sku:9011 activityId:100301
24-11-03.11:13:17.323 [main            ] WARN  RaffleOrderTest        - 活动未开启（非open状态）
24-11-03.11:13:17.327 [main            ] INFO  ActivityBaseActionChain - 活动责任链-基础信息【有效期、状态、库存(sku)】校验开始。sku:9011 activityId:100301
24-11-03.11:13:17.327 [main            ] WARN  RaffleOrderTest        - 活动未开启（非open状态）
24-11-03.11:13:17.331 [main            ] INFO  ActivityBaseActionChain - 活动责任链-基础信息【有效期、状态、库存(sku)】校验开始。sku:9011 activityId:100301
24-11-03.11:13:17.331 [main            ] WARN  RaffleOrderTest        - 活动未开启（非open状态）
24-11-03.11:13:17.335 [main            ] INFO  ActivityBaseActionChain - 活动责任链-基础信息【有效期、状态、库存(sku)】校验开始。sku:9011 activityId:100301
24-11-03.11:13:17.336 [main            ] WARN  RaffleOrderTest        - 活动未开启（非open状态）
24-11-03.11:13:17.340 [main            ] INFO  ActivityBaseActionChain - 活动责任链-基础信息【有效期、状态、库存(sku)】校验开始。sku:9011 activityId:100301
24-11-03.11:13:17.340 [main            ] WARN  RaffleOrderTest        - 活动未开启（非open状态）
24-11-03.11:13:17.499 [org.springframework.amqp.rabbit.RabbitListenerEndpointContainer#0-2] INFO  SimpleMessageListenerContainer - Waiting for workers to finish.
24-11-03.11:14:41.525 [main            ] INFO  RaffleOrderTest        - Starting RaffleOrderTest using Java 1.8.0_412 on ZhongRui with PID 13348 (started by zhong in E:\new_big_market\big-market\big-market-app)
24-11-03.11:14:41.526 [main            ] INFO  RaffleOrderTest        - The following 1 profile is active: "dev"
24-11-03.11:14:42.167 [main            ] INFO  RepositoryConfigurationDelegate - Multiple Spring Data modules found, entering strict repository configuration mode
24-11-03.11:14:42.170 [main            ] INFO  RepositoryConfigurationDelegate - Bootstrapping Spring Data Redis repositories in DEFAULT mode.
24-11-03.11:14:42.205 [main            ] INFO  RepositoryConfigurationDelegate - Finished Spring Data repository scanning in 20 ms. Found 0 Redis repository interfaces.
24-11-03.11:14:43.790 [main            ] INFO  Version                - Redisson 3.32.0
24-11-03.11:14:44.005 [main            ] WARN  SequentialDnsAddressResolverFactory - DNS TCP fallback on UDP query timeout disabled. Upgrade Netty to 4.1.105 or higher.
24-11-03.11:14:44.127 [redisson-netty-1-4] INFO  ConnectionsHolder      - 1 connections initialized for 127.0.0.1/127.0.0.1:6379
24-11-03.11:14:44.138 [redisson-netty-1-13] INFO  ConnectionsHolder      - 5 connections initialized for 127.0.0.1/127.0.0.1:6379
24-11-03.11:14:47.491 [main            ] INFO  CachingConnectionFactory - Attempting to connect to: [127.0.0.1:5672]
24-11-03.11:14:47.605 [main            ] INFO  CachingConnectionFactory - Created new connection: rabbitConnectionFactory#514377fc:0/SimpleConnection@7eefaca0 [delegate=amqp://guest@127.0.0.1:5672/, localPort= 56328]
24-11-03.11:14:47.672 [main            ] INFO  RaffleOrderTest        - Started RaffleOrderTest in 6.595 seconds (JVM running for 7.551)
24-11-03.11:14:47.973 [main            ] INFO  HikariDataSource       - Retail_HikariCP - Starting...
24-11-03.11:14:48.232 [main            ] INFO  HikariDataSource       - Retail_HikariCP - Start completed.
24-11-03.11:14:48.272 [main            ] INFO  RaffleOrderTest        - 装配活动：true
24-11-03.11:14:50.001 [scheduling-1    ] INFO  UpdateActivitySkuStockJob - 定时任务，更新活动sku库存【延迟队列获取，降低对数据库的更新频次，不要产生竞争】
24-11-03.11:14:50.005 [scheduling-1    ] INFO  UpdateAwardStockJob    - 定时任务，更新奖品消耗库存【延迟队列获取，降低对数据库的更新频次，不要产生竞争】
24-11-03.11:14:54.465 [main            ] INFO  ActivityBaseActionChain - 活动责任链-基础信息【有效期、状态、库存(sku)】校验开始。sku:9011 activityId:100301
24-11-03.11:14:55.140 [scheduling-1    ] INFO  UpdateActivitySkuStockJob - 定时任务，更新活动sku库存【延迟队列获取，降低对数据库的更新频次，不要产生竞争】
24-11-03.11:15:24.441 [main            ] WARN  RaffleOrderTest        - 活动未开启（非open状态）
24-11-03.11:15:24.442 [scheduling-1    ] INFO  UpdateAwardStockJob    - 定时任务，更新奖品消耗库存【延迟队列获取，降低对数据库的更新频次，不要产生竞争】
24-11-03.11:15:24.449 [main            ] INFO  ActivityBaseActionChain - 活动责任链-基础信息【有效期、状态、库存(sku)】校验开始。sku:9011 activityId:100301
24-11-03.11:15:24.449 [main            ] WARN  RaffleOrderTest        - 活动未开启（非open状态）
24-11-03.11:15:24.455 [main            ] INFO  ActivityBaseActionChain - 活动责任链-基础信息【有效期、状态、库存(sku)】校验开始。sku:9011 activityId:100301
24-11-03.11:15:24.455 [main            ] WARN  RaffleOrderTest        - 活动未开启（非open状态）
24-11-03.11:15:24.462 [main            ] INFO  ActivityBaseActionChain - 活动责任链-基础信息【有效期、状态、库存(sku)】校验开始。sku:9011 activityId:100301
24-11-03.11:15:24.462 [main            ] WARN  RaffleOrderTest        - 活动未开启（非open状态）
24-11-03.11:15:24.466 [main            ] INFO  ActivityBaseActionChain - 活动责任链-基础信息【有效期、状态、库存(sku)】校验开始。sku:9011 activityId:100301
24-11-03.11:15:24.466 [main            ] WARN  RaffleOrderTest        - 活动未开启（非open状态）
24-11-03.11:15:24.470 [main            ] INFO  ActivityBaseActionChain - 活动责任链-基础信息【有效期、状态、库存(sku)】校验开始。sku:9011 activityId:100301
24-11-03.11:15:24.470 [main            ] WARN  RaffleOrderTest        - 活动未开启（非open状态）
24-11-03.11:15:24.474 [main            ] INFO  ActivityBaseActionChain - 活动责任链-基础信息【有效期、状态、库存(sku)】校验开始。sku:9011 activityId:100301
24-11-03.11:15:24.474 [main            ] WARN  RaffleOrderTest        - 活动未开启（非open状态）
24-11-03.11:15:24.479 [main            ] INFO  ActivityBaseActionChain - 活动责任链-基础信息【有效期、状态、库存(sku)】校验开始。sku:9011 activityId:100301
24-11-03.11:15:24.479 [main            ] WARN  RaffleOrderTest        - 活动未开启（非open状态）
24-11-03.11:15:24.482 [main            ] INFO  ActivityBaseActionChain - 活动责任链-基础信息【有效期、状态、库存(sku)】校验开始。sku:9011 activityId:100301
24-11-03.11:15:24.482 [main            ] WARN  RaffleOrderTest        - 活动未开启（非open状态）
24-11-03.11:15:24.485 [main            ] INFO  ActivityBaseActionChain - 活动责任链-基础信息【有效期、状态、库存(sku)】校验开始。sku:9011 activityId:100301
24-11-03.11:15:24.486 [main            ] WARN  RaffleOrderTest        - 活动未开启（非open状态）
24-11-03.11:15:24.490 [main            ] INFO  ActivityBaseActionChain - 活动责任链-基础信息【有效期、状态、库存(sku)】校验开始。sku:9011 activityId:100301
24-11-03.11:15:24.490 [main            ] WARN  RaffleOrderTest        - 活动未开启（非open状态）
24-11-03.11:15:24.495 [main            ] INFO  ActivityBaseActionChain - 活动责任链-基础信息【有效期、状态、库存(sku)】校验开始。sku:9011 activityId:100301
24-11-03.11:15:24.495 [main            ] WARN  RaffleOrderTest        - 活动未开启（非open状态）
24-11-03.11:15:24.500 [main            ] INFO  ActivityBaseActionChain - 活动责任链-基础信息【有效期、状态、库存(sku)】校验开始。sku:9011 activityId:100301
24-11-03.11:15:24.500 [main            ] WARN  RaffleOrderTest        - 活动未开启（非open状态）
24-11-03.11:15:24.504 [main            ] INFO  ActivityBaseActionChain - 活动责任链-基础信息【有效期、状态、库存(sku)】校验开始。sku:9011 activityId:100301
24-11-03.11:15:24.504 [main            ] WARN  RaffleOrderTest        - 活动未开启（非open状态）
24-11-03.11:15:24.509 [main            ] INFO  ActivityBaseActionChain - 活动责任链-基础信息【有效期、状态、库存(sku)】校验开始。sku:9011 activityId:100301
24-11-03.11:15:24.509 [main            ] WARN  RaffleOrderTest        - 活动未开启（非open状态）
24-11-03.11:15:24.513 [main            ] INFO  ActivityBaseActionChain - 活动责任链-基础信息【有效期、状态、库存(sku)】校验开始。sku:9011 activityId:100301
24-11-03.11:15:24.513 [main            ] WARN  RaffleOrderTest        - 活动未开启（非open状态）
24-11-03.11:15:24.517 [main            ] INFO  ActivityBaseActionChain - 活动责任链-基础信息【有效期、状态、库存(sku)】校验开始。sku:9011 activityId:100301
24-11-03.11:15:24.518 [main            ] WARN  RaffleOrderTest        - 活动未开启（非open状态）
24-11-03.11:15:24.522 [main            ] INFO  ActivityBaseActionChain - 活动责任链-基础信息【有效期、状态、库存(sku)】校验开始。sku:9011 activityId:100301
24-11-03.11:15:24.522 [main            ] WARN  RaffleOrderTest        - 活动未开启（非open状态）
24-11-03.11:15:24.525 [main            ] INFO  ActivityBaseActionChain - 活动责任链-基础信息【有效期、状态、库存(sku)】校验开始。sku:9011 activityId:100301
24-11-03.11:15:24.525 [main            ] WARN  RaffleOrderTest        - 活动未开启（非open状态）
24-11-03.11:15:24.529 [main            ] INFO  ActivityBaseActionChain - 活动责任链-基础信息【有效期、状态、库存(sku)】校验开始。sku:9011 activityId:100301
24-11-03.11:15:24.529 [main            ] WARN  RaffleOrderTest        - 活动未开启（非open状态）
24-11-03.11:15:24.711 [org.springframework.amqp.rabbit.RabbitListenerEndpointContainer#0-2] INFO  SimpleMessageListenerContainer - Waiting for workers to finish.
24-11-03.11:15:25.004 [scheduling-1    ] INFO  UpdateActivitySkuStockJob - 定时任务，更新活动sku库存【延迟队列获取，降低对数据库的更新频次，不要产生竞争】
24-11-03.11:15:25.005 [scheduling-1    ] INFO  UpdateAwardStockJob    - 定时任务，更新奖品消耗库存【延迟队列获取，降低对数据库的更新频次，不要产生竞争】
24-11-03.11:15:25.443 [org.springframework.amqp.rabbit.RabbitListenerEndpointContainer#0-2] INFO  SimpleMessageListenerContainer - Successfully waited for workers to finish.
24-11-03.11:15:25.446 [SpringApplicationShutdownHook] INFO  SimpleMessageListenerContainer - Shutdown ignored - container is already stopped
24-11-03.11:15:38.583 [main            ] INFO  RaffleOrderTest        - Starting RaffleOrderTest using Java 1.8.0_412 on ZhongRui with PID 26456 (started by zhong in E:\new_big_market\big-market\big-market-app)
24-11-03.11:15:38.585 [main            ] INFO  RaffleOrderTest        - The following 1 profile is active: "dev"
24-11-03.11:15:39.281 [main            ] INFO  RepositoryConfigurationDelegate - Multiple Spring Data modules found, entering strict repository configuration mode
24-11-03.11:15:39.284 [main            ] INFO  RepositoryConfigurationDelegate - Bootstrapping Spring Data Redis repositories in DEFAULT mode.
24-11-03.11:15:39.335 [main            ] INFO  RepositoryConfigurationDelegate - Finished Spring Data repository scanning in 27 ms. Found 0 Redis repository interfaces.
24-11-03.11:15:41.159 [main            ] INFO  Version                - Redisson 3.32.0
24-11-03.11:15:41.403 [main            ] WARN  SequentialDnsAddressResolverFactory - DNS TCP fallback on UDP query timeout disabled. Upgrade Netty to 4.1.105 or higher.
24-11-03.11:15:41.528 [redisson-netty-1-4] INFO  ConnectionsHolder      - 1 connections initialized for 127.0.0.1/127.0.0.1:6379
24-11-03.11:15:41.542 [redisson-netty-1-13] INFO  ConnectionsHolder      - 5 connections initialized for 127.0.0.1/127.0.0.1:6379
24-11-03.11:15:44.639 [main            ] INFO  CachingConnectionFactory - Attempting to connect to: [127.0.0.1:5672]
24-11-03.11:15:44.781 [main            ] INFO  CachingConnectionFactory - Created new connection: rabbitConnectionFactory#111a7973:0/SimpleConnection@bb6869a [delegate=amqp://guest@127.0.0.1:5672/, localPort= 56558]
24-11-03.11:15:44.891 [main            ] INFO  RaffleOrderTest        - Started RaffleOrderTest in 6.725 seconds (JVM running for 7.615)
24-11-03.11:15:45.003 [scheduling-1    ] INFO  UpdateAwardStockJob    - 定时任务，更新奖品消耗库存【延迟队列获取，降低对数据库的更新频次，不要产生竞争】
24-11-03.11:15:45.023 [scheduling-1    ] INFO  UpdateActivitySkuStockJob - 定时任务，更新活动sku库存【延迟队列获取，降低对数据库的更新频次，不要产生竞争】
24-11-03.11:15:45.103 [main            ] INFO  HikariDataSource       - Retail_HikariCP - Starting...
24-11-03.11:15:45.319 [main            ] INFO  HikariDataSource       - Retail_HikariCP - Start completed.
24-11-03.11:15:45.350 [main            ] INFO  RaffleOrderTest        - 装配活动：true
24-11-03.11:15:51.201 [scheduling-1    ] INFO  UpdateActivitySkuStockJob - 定时任务，更新活动sku库存【延迟队列获取，降低对数据库的更新频次，不要产生竞争】
24-11-03.11:15:51.202 [main            ] INFO  ActivityBaseActionChain - 活动责任链-基础信息【有效期、状态、库存(sku)】校验开始。sku:9011 activityId:100301
24-11-03.11:15:53.743 [scheduling-1    ] INFO  UpdateAwardStockJob    - 定时任务，更新奖品消耗库存【延迟队列获取，降低对数据库的更新频次，不要产生竞争】
24-11-03.11:16:02.478 [scheduling-1    ] INFO  UpdateActivitySkuStockJob - 定时任务，更新活动sku库存【延迟队列获取，降低对数据库的更新频次，不要产生竞争】
24-11-03.11:16:02.479 [main            ] INFO  ActivitySkuStockActionChain - 活动责任链-商品库存处理【有效期、状态、库存(sku)】开始。sku:9011 activityId:100301
24-11-03.11:16:13.610 [scheduling-1    ] INFO  UpdateAwardStockJob    - 定时任务，更新奖品消耗库存【延迟队列获取，降低对数据库的更新频次，不要产生竞争】
24-11-03.11:16:29.706 [scheduling-1    ] INFO  UpdateActivitySkuStockJob - 定时任务，更新活动sku库存【延迟队列获取，降低对数据库的更新频次，不要产生竞争】
24-11-03.11:16:36.593 [scheduling-1    ] INFO  UpdateAwardStockJob    - 定时任务，更新奖品消耗库存【延迟队列获取，降低对数据库的更新频次，不要产生竞争】
24-11-03.11:16:42.853 [scheduling-1    ] INFO  UpdateActivitySkuStockJob - 定时任务，更新活动sku库存【延迟队列获取，降低对数据库的更新频次，不要产生竞争】
24-11-03.11:17:05.492 [scheduling-1    ] INFO  UpdateAwardStockJob    - 定时任务，更新奖品消耗库存【延迟队列获取，降低对数据库的更新频次，不要产生竞争】
24-11-03.11:17:05.490 [main            ] INFO  ActivitySkuStockActionChain - 活动责任链-商品库存处理【有效期、状态、库存(sku)】成功。sku:9011 activityId:100301
24-11-03.11:17:39.237 [scheduling-1    ] INFO  UpdateActivitySkuStockJob - 定时任务，更新活动sku库存【延迟队列获取，降低对数据库的更新频次，不要产生竞争】
24-11-03.11:17:39.242 [scheduling-1    ] INFO  UpdateAwardStockJob    - 定时任务，更新奖品消耗库存【延迟队列获取，降低对数据库的更新频次，不要产生竞争】
24-11-03.11:17:47.620 [scheduling-1    ] INFO  UpdateActivitySkuStockJob - 定时任务，更新活动sku库存【延迟队列获取，降低对数据库的更新频次，不要产生竞争】
24-11-03.11:17:47.622 [scheduling-1    ] INFO  UpdateAwardStockJob    - 定时任务，更新奖品消耗库存【延迟队列获取，降低对数据库的更新频次，不要产生竞争】
24-11-03.11:18:25.278 [Retail_HikariCP housekeeper] WARN  HikariPool             - Retail_HikariCP - Thread starvation or clock leap detected (housekeeper delta=46s41ms8µs500ns).
24-11-03.11:18:26.900 [scheduling-1    ] INFO  UpdateActivitySkuStockJob - 定时任务，更新活动sku库存【延迟队列获取，降低对数据库的更新频次，不要产生竞争】
24-11-03.11:18:27.662 [main            ] INFO  HikariDataSource       - Retail_HikariCP - Starting...
24-11-03.11:18:27.679 [main            ] INFO  HikariDataSource       - Retail_HikariCP - Start completed.
24-11-03.11:18:29.621 [scheduling-1    ] INFO  UpdateActivitySkuStockJob - 定时任务，更新活动sku库存 sku:9011 activityId:100301
24-11-03.11:18:55.268 [main            ] INFO  RaffleOrderTest        - 测试结果：857010833333
24-11-03.11:18:57.855 [scheduling-1    ] INFO  UpdateAwardStockJob    - 定时任务，更新奖品消耗库存【延迟队列获取，降低对数据库的更新频次，不要产生竞争】
24-11-03.11:18:59.818 [main            ] INFO  ActivityBaseActionChain - 活动责任链-基础信息【有效期、状态、库存(sku)】校验开始。sku:9011 activityId:100301
24-11-03.11:18:59.819 [main            ] INFO  ActivitySkuStockActionChain - 活动责任链-商品库存处理【有效期、状态、库存(sku)】开始。sku:9011 activityId:100301
24-11-03.11:18:59.822 [main            ] INFO  ActivitySkuStockActionChain - 活动责任链-商品库存处理【有效期、状态、库存(sku)】成功。sku:9011 activityId:100301
24-11-03.11:18:59.833 [main            ] INFO  RaffleOrderTest        - 测试结果：677907149261
24-11-03.11:18:59.839 [main            ] INFO  ActivityBaseActionChain - 活动责任链-基础信息【有效期、状态、库存(sku)】校验开始。sku:9011 activityId:100301
24-11-03.11:18:59.839 [main            ] INFO  ActivitySkuStockActionChain - 活动责任链-商品库存处理【有效期、状态、库存(sku)】开始。sku:9011 activityId:100301
24-11-03.11:18:59.843 [main            ] INFO  ActivitySkuStockActionChain - 活动责任链-商品库存处理【有效期、状态、库存(sku)】成功。sku:9011 activityId:100301
24-11-03.11:18:59.850 [main            ] INFO  RaffleOrderTest        - 测试结果：303437842776
24-11-03.11:18:59.853 [main            ] INFO  ActivityBaseActionChain - 活动责任链-基础信息【有效期、状态、库存(sku)】校验开始。sku:9011 activityId:100301
24-11-03.11:18:59.853 [main            ] INFO  ActivitySkuStockActionChain - 活动责任链-商品库存处理【有效期、状态、库存(sku)】开始。sku:9011 activityId:100301
24-11-03.11:18:59.854 [main            ] INFO  ActivitySkuStockActionChain - 活动责任链-商品库存处理【有效期、状态、库存(sku)】成功。sku:9011 activityId:100301
24-11-03.11:18:59.863 [main            ] INFO  RaffleOrderTest        - 测试结果：185905636094
24-11-03.11:18:59.867 [main            ] INFO  ActivityBaseActionChain - 活动责任链-基础信息【有效期、状态、库存(sku)】校验开始。sku:9011 activityId:100301
24-11-03.11:18:59.867 [main            ] INFO  ActivitySkuStockActionChain - 活动责任链-商品库存处理【有效期、状态、库存(sku)】开始。sku:9011 activityId:100301
24-11-03.11:18:59.868 [main            ] INFO  ActivitySkuStockActionChain - 活动责任链-商品库存处理【有效期、状态、库存(sku)】成功。sku:9011 activityId:100301
24-11-03.11:18:59.876 [main            ] INFO  RaffleOrderTest        - 测试结果：989914642816
24-11-03.11:18:59.878 [main            ] INFO  ActivityBaseActionChain - 活动责任链-基础信息【有效期、状态、库存(sku)】校验开始。sku:9011 activityId:100301
24-11-03.11:18:59.879 [main            ] INFO  ActivitySkuStockActionChain - 活动责任链-商品库存处理【有效期、状态、库存(sku)】开始。sku:9011 activityId:100301
24-11-03.11:18:59.880 [main            ] INFO  ActivitySkuStockActionChain - 活动责任链-商品库存处理【有效期、状态、库存(sku)】成功。sku:9011 activityId:100301
24-11-03.11:18:59.886 [main            ] INFO  RaffleOrderTest        - 测试结果：042285215048
24-11-03.11:18:59.888 [main            ] INFO  ActivityBaseActionChain - 活动责任链-基础信息【有效期、状态、库存(sku)】校验开始。sku:9011 activityId:100301
24-11-03.11:18:59.889 [main            ] INFO  ActivitySkuStockActionChain - 活动责任链-商品库存处理【有效期、状态、库存(sku)】开始。sku:9011 activityId:100301
24-11-03.11:18:59.890 [main            ] INFO  ActivitySkuStockActionChain - 活动责任链-商品库存处理【有效期、状态、库存(sku)】成功。sku:9011 activityId:100301
24-11-03.11:18:59.896 [main            ] INFO  RaffleOrderTest        - 测试结果：834627260710
24-11-03.11:18:59.898 [main            ] INFO  ActivityBaseActionChain - 活动责任链-基础信息【有效期、状态、库存(sku)】校验开始。sku:9011 activityId:100301
24-11-03.11:18:59.899 [main            ] INFO  ActivitySkuStockActionChain - 活动责任链-商品库存处理【有效期、状态、库存(sku)】开始。sku:9011 activityId:100301
24-11-03.11:18:59.900 [main            ] INFO  ActivitySkuStockActionChain - 活动责任链-商品库存处理【有效期、状态、库存(sku)】成功。sku:9011 activityId:100301
24-11-03.11:18:59.909 [main            ] INFO  RaffleOrderTest        - 测试结果：479236761997
24-11-03.11:18:59.913 [main            ] INFO  ActivityBaseActionChain - 活动责任链-基础信息【有效期、状态、库存(sku)】校验开始。sku:9011 activityId:100301
24-11-03.11:18:59.914 [main            ] INFO  ActivitySkuStockActionChain - 活动责任链-商品库存处理【有效期、状态、库存(sku)】开始。sku:9011 activityId:100301
24-11-03.11:18:59.916 [main            ] INFO  ActivitySkuStockActionChain - 活动责任链-商品库存处理【有效期、状态、库存(sku)】成功。sku:9011 activityId:100301
24-11-03.11:18:59.925 [main            ] INFO  RaffleOrderTest        - 测试结果：336135742032
24-11-03.11:18:59.929 [main            ] INFO  ActivityBaseActionChain - 活动责任链-基础信息【有效期、状态、库存(sku)】校验开始。sku:9011 activityId:100301
24-11-03.11:18:59.929 [main            ] INFO  ActivitySkuStockActionChain - 活动责任链-商品库存处理【有效期、状态、库存(sku)】开始。sku:9011 activityId:100301
24-11-03.11:18:59.931 [main            ] INFO  ActivitySkuStockActionChain - 活动责任链-商品库存处理【有效期、状态、库存(sku)】成功。sku:9011 activityId:100301
24-11-03.11:18:59.937 [main            ] INFO  RaffleOrderTest        - 测试结果：834379911362
24-11-03.11:18:59.941 [main            ] INFO  ActivityBaseActionChain - 活动责任链-基础信息【有效期、状态、库存(sku)】校验开始。sku:9011 activityId:100301
24-11-03.11:18:59.941 [main            ] INFO  ActivitySkuStockActionChain - 活动责任链-商品库存处理【有效期、状态、库存(sku)】开始。sku:9011 activityId:100301
24-11-03.11:18:59.942 [main            ] INFO  ActivitySkuStockActionChain - 活动责任链-商品库存处理【有效期、状态、库存(sku)】成功。sku:9011 activityId:100301
24-11-03.11:18:59.948 [main            ] INFO  RaffleOrderTest        - 测试结果：750157925797
24-11-03.11:18:59.951 [main            ] INFO  ActivityBaseActionChain - 活动责任链-基础信息【有效期、状态、库存(sku)】校验开始。sku:9011 activityId:100301
24-11-03.11:18:59.951 [main            ] INFO  ActivitySkuStockActionChain - 活动责任链-商品库存处理【有效期、状态、库存(sku)】开始。sku:9011 activityId:100301
24-11-03.11:18:59.952 [main            ] INFO  ActivitySkuStockActionChain - 活动责任链-商品库存处理【有效期、状态、库存(sku)】成功。sku:9011 activityId:100301
24-11-03.11:18:59.959 [main            ] INFO  RaffleOrderTest        - 测试结果：933439351954
24-11-03.11:18:59.962 [main            ] INFO  ActivityBaseActionChain - 活动责任链-基础信息【有效期、状态、库存(sku)】校验开始。sku:9011 activityId:100301
24-11-03.11:18:59.962 [main            ] INFO  ActivitySkuStockActionChain - 活动责任链-商品库存处理【有效期、状态、库存(sku)】开始。sku:9011 activityId:100301
24-11-03.11:18:59.963 [main            ] INFO  ActivitySkuStockActionChain - 活动责任链-商品库存处理【有效期、状态、库存(sku)】成功。sku:9011 activityId:100301
24-11-03.11:18:59.970 [main            ] INFO  RaffleOrderTest        - 测试结果：133787196761
24-11-03.11:18:59.973 [main            ] INFO  ActivityBaseActionChain - 活动责任链-基础信息【有效期、状态、库存(sku)】校验开始。sku:9011 activityId:100301
24-11-03.11:18:59.973 [main            ] INFO  ActivitySkuStockActionChain - 活动责任链-商品库存处理【有效期、状态、库存(sku)】开始。sku:9011 activityId:100301
24-11-03.11:18:59.974 [main            ] INFO  ActivitySkuStockActionChain - 活动责任链-商品库存处理【有效期、状态、库存(sku)】成功。sku:9011 activityId:100301
24-11-03.11:18:59.979 [main            ] INFO  RaffleOrderTest        - 测试结果：536274655387
24-11-03.11:18:59.982 [main            ] INFO  ActivityBaseActionChain - 活动责任链-基础信息【有效期、状态、库存(sku)】校验开始。sku:9011 activityId:100301
24-11-03.11:18:59.982 [main            ] INFO  ActivitySkuStockActionChain - 活动责任链-商品库存处理【有效期、状态、库存(sku)】开始。sku:9011 activityId:100301
24-11-03.11:18:59.983 [main            ] INFO  ActivitySkuStockActionChain - 活动责任链-商品库存处理【有效期、状态、库存(sku)】成功。sku:9011 activityId:100301
24-11-03.11:18:59.990 [main            ] INFO  RaffleOrderTest        - 测试结果：008544446457
24-11-03.11:18:59.993 [main            ] INFO  ActivityBaseActionChain - 活动责任链-基础信息【有效期、状态、库存(sku)】校验开始。sku:9011 activityId:100301
24-11-03.11:18:59.993 [main            ] INFO  ActivitySkuStockActionChain - 活动责任链-商品库存处理【有效期、状态、库存(sku)】开始。sku:9011 activityId:100301
24-11-03.11:18:59.995 [main            ] INFO  ActivitySkuStockActionChain - 活动责任链-商品库存处理【有效期、状态、库存(sku)】成功。sku:9011 activityId:100301
24-11-03.11:19:00.001 [scheduling-1    ] INFO  UpdateAwardStockJob    - 定时任务，更新奖品消耗库存【延迟队列获取，降低对数据库的更新频次，不要产生竞争】
24-11-03.11:19:00.003 [scheduling-1    ] INFO  UpdateActivitySkuStockJob - 定时任务，更新活动sku库存【延迟队列获取，降低对数据库的更新频次，不要产生竞争】
24-11-03.11:19:00.008 [main            ] INFO  RaffleOrderTest        - 测试结果：080351140512
24-11-03.11:19:00.011 [main            ] INFO  ActivityBaseActionChain - 活动责任链-基础信息【有效期、状态、库存(sku)】校验开始。sku:9011 activityId:100301
24-11-03.11:19:00.011 [main            ] INFO  ActivitySkuStockActionChain - 活动责任链-商品库存处理【有效期、状态、库存(sku)】开始。sku:9011 activityId:100301
24-11-03.11:19:00.012 [main            ] INFO  ActivitySkuStockActionChain - 活动责任链-商品库存处理【有效期、状态、库存(sku)】成功。sku:9011 activityId:100301
24-11-03.11:19:00.021 [main            ] INFO  RaffleOrderTest        - 测试结果：915031232174
24-11-03.11:19:00.023 [main            ] INFO  ActivityBaseActionChain - 活动责任链-基础信息【有效期、状态、库存(sku)】校验开始。sku:9011 activityId:100301
24-11-03.11:19:00.023 [main            ] INFO  ActivitySkuStockActionChain - 活动责任链-商品库存处理【有效期、状态、库存(sku)】开始。sku:9011 activityId:100301
24-11-03.11:19:00.025 [main            ] INFO  ActivitySkuStockActionChain - 活动责任链-商品库存处理【有效期、状态、库存(sku)】成功。sku:9011 activityId:100301
24-11-03.11:19:00.032 [main            ] INFO  RaffleOrderTest        - 测试结果：224333215599
24-11-03.11:19:00.036 [main            ] INFO  ActivityBaseActionChain - 活动责任链-基础信息【有效期、状态、库存(sku)】校验开始。sku:9011 activityId:100301
24-11-03.11:19:00.036 [main            ] INFO  ActivitySkuStockActionChain - 活动责任链-商品库存处理【有效期、状态、库存(sku)】开始。sku:9011 activityId:100301
24-11-03.11:19:00.037 [main            ] INFO  ActivitySkuStockActionChain - 活动责任链-商品库存处理【有效期、状态、库存(sku)】成功。sku:9011 activityId:100301
24-11-03.11:19:00.043 [main            ] INFO  RaffleOrderTest        - 测试结果：925759315788
24-11-03.11:19:00.046 [main            ] INFO  ActivityBaseActionChain - 活动责任链-基础信息【有效期、状态、库存(sku)】校验开始。sku:9011 activityId:100301
24-11-03.11:19:00.046 [main            ] INFO  ActivitySkuStockActionChain - 活动责任链-商品库存处理【有效期、状态、库存(sku)】开始。sku:9011 activityId:100301
24-11-03.11:19:00.088 [org.springframework.amqp.rabbit.RabbitListenerEndpointContainer#0-2] INFO  SimpleMessageListenerContainer - Waiting for workers to finish.
24-11-03.11:19:00.227 [main            ] INFO  EventPublisher         - 发送MQ消息 topic:activity_sku_stock_zero message:{"data":9011,"id":"88124858112","timestamp":"2024-11-03 11:19:00.048"}
24-11-03.11:19:00.228 [main            ] WARN  RaffleOrderTest        - 活动库存不足
24-11-03.11:19:00.832 [org.springframework.amqp.rabbit.RabbitListenerEndpointContainer#0-2] INFO  SimpleMessageListenerContainer - Successfully waited for workers to finish.
24-11-03.11:19:00.835 [SpringApplicationShutdownHook] INFO  SimpleMessageListenerContainer - Shutdown ignored - container is already stopped
24-11-03.11:19:52.125 [main            ] INFO  RaffleOrderTest        - Starting RaffleOrderTest using Java 1.8.0_412 on ZhongRui with PID 23936 (started by zhong in E:\new_big_market\big-market\big-market-app)
24-11-03.11:19:52.126 [main            ] INFO  RaffleOrderTest        - The following 1 profile is active: "dev"
24-11-03.11:19:52.700 [main            ] INFO  RepositoryConfigurationDelegate - Multiple Spring Data modules found, entering strict repository configuration mode
24-11-03.11:19:52.704 [main            ] INFO  RepositoryConfigurationDelegate - Bootstrapping Spring Data Redis repositories in DEFAULT mode.
24-11-03.11:19:52.733 [main            ] INFO  RepositoryConfigurationDelegate - Finished Spring Data repository scanning in 18 ms. Found 0 Redis repository interfaces.
24-11-03.11:19:54.189 [main            ] INFO  Version                - Redisson 3.32.0
24-11-03.11:19:54.385 [main            ] WARN  SequentialDnsAddressResolverFactory - DNS TCP fallback on UDP query timeout disabled. Upgrade Netty to 4.1.105 or higher.
24-11-03.11:19:54.496 [redisson-netty-1-5] INFO  ConnectionsHolder      - 1 connections initialized for 127.0.0.1/127.0.0.1:6379
24-11-03.11:19:54.508 [redisson-netty-1-13] INFO  ConnectionsHolder      - 5 connections initialized for 127.0.0.1/127.0.0.1:6379
24-11-03.11:19:57.017 [main            ] INFO  CachingConnectionFactory - Attempting to connect to: [127.0.0.1:5672]
24-11-03.11:19:57.135 [main            ] INFO  CachingConnectionFactory - Created new connection: rabbitConnectionFactory#59918c8f:0/SimpleConnection@53a09566 [delegate=amqp://guest@127.0.0.1:5672/, localPort= 57266]
24-11-03.11:19:57.225 [org.springframework.amqp.rabbit.RabbitListenerEndpointContainer#0-1] INFO  ActivitySkuStockZeroCustomer - 监听活动sku库存消耗为0消息 topic: activity_sku_stock_zero message: {"data":9011,"id":"88124858112","timestamp":"2024-11-03 11:19:00.048"}
24-11-03.11:19:57.227 [main            ] INFO  RaffleOrderTest        - Started RaffleOrderTest in 5.455 seconds (JVM running for 6.054)
24-11-03.11:19:57.382 [main            ] INFO  HikariDataSource       - Retail_HikariCP - Starting...
24-11-03.11:19:57.588 [main            ] INFO  HikariDataSource       - Retail_HikariCP - Start completed.
24-11-03.11:19:57.629 [main            ] INFO  RaffleOrderTest        - 装配活动：true
24-11-03.11:19:57.676 [main            ] INFO  ActivityBaseActionChain - 活动责任链-基础信息【有效期、状态、库存(sku)】校验开始。sku:9011 activityId:100301
24-11-03.11:19:57.676 [main            ] WARN  RaffleOrderTest        - 活动库存不足
24-11-03.11:19:57.704 [main            ] INFO  ActivityBaseActionChain - 活动责任链-基础信息【有效期、状态、库存(sku)】校验开始。sku:9011 activityId:100301
24-11-03.11:19:57.704 [main            ] WARN  RaffleOrderTest        - 活动库存不足
24-11-03.11:19:57.707 [main            ] INFO  ActivityBaseActionChain - 活动责任链-基础信息【有效期、状态、库存(sku)】校验开始。sku:9011 activityId:100301
24-11-03.11:19:57.707 [main            ] WARN  RaffleOrderTest        - 活动库存不足
24-11-03.11:19:57.710 [main            ] INFO  ActivityBaseActionChain - 活动责任链-基础信息【有效期、状态、库存(sku)】校验开始。sku:9011 activityId:100301
24-11-03.11:19:57.710 [main            ] WARN  RaffleOrderTest        - 活动库存不足
24-11-03.11:19:57.714 [main            ] INFO  ActivityBaseActionChain - 活动责任链-基础信息【有效期、状态、库存(sku)】校验开始。sku:9011 activityId:100301
24-11-03.11:19:57.714 [main            ] WARN  RaffleOrderTest        - 活动库存不足
24-11-03.11:19:57.717 [main            ] INFO  ActivityBaseActionChain - 活动责任链-基础信息【有效期、状态、库存(sku)】校验开始。sku:9011 activityId:100301
24-11-03.11:19:57.718 [main            ] WARN  RaffleOrderTest        - 活动库存不足
24-11-03.11:19:57.721 [main            ] INFO  ActivityBaseActionChain - 活动责任链-基础信息【有效期、状态、库存(sku)】校验开始。sku:9011 activityId:100301
24-11-03.11:19:57.721 [main            ] WARN  RaffleOrderTest        - 活动库存不足
24-11-03.11:19:57.724 [main            ] INFO  ActivityBaseActionChain - 活动责任链-基础信息【有效期、状态、库存(sku)】校验开始。sku:9011 activityId:100301
24-11-03.11:19:57.724 [main            ] WARN  RaffleOrderTest        - 活动库存不足
24-11-03.11:19:57.727 [main            ] INFO  ActivityBaseActionChain - 活动责任链-基础信息【有效期、状态、库存(sku)】校验开始。sku:9011 activityId:100301
24-11-03.11:19:57.727 [main            ] WARN  RaffleOrderTest        - 活动库存不足
24-11-03.11:19:57.731 [main            ] INFO  ActivityBaseActionChain - 活动责任链-基础信息【有效期、状态、库存(sku)】校验开始。sku:9011 activityId:100301
24-11-03.11:19:57.731 [main            ] WARN  RaffleOrderTest        - 活动库存不足
24-11-03.11:19:57.734 [main            ] INFO  ActivityBaseActionChain - 活动责任链-基础信息【有效期、状态、库存(sku)】校验开始。sku:9011 activityId:100301
24-11-03.11:19:57.734 [main            ] WARN  RaffleOrderTest        - 活动库存不足
24-11-03.11:19:57.737 [main            ] INFO  ActivityBaseActionChain - 活动责任链-基础信息【有效期、状态、库存(sku)】校验开始。sku:9011 activityId:100301
24-11-03.11:19:57.737 [main            ] WARN  RaffleOrderTest        - 活动库存不足
24-11-03.11:19:57.740 [main            ] INFO  ActivityBaseActionChain - 活动责任链-基础信息【有效期、状态、库存(sku)】校验开始。sku:9011 activityId:100301
24-11-03.11:19:57.740 [main            ] WARN  RaffleOrderTest        - 活动库存不足
24-11-03.11:19:57.743 [main            ] INFO  ActivityBaseActionChain - 活动责任链-基础信息【有效期、状态、库存(sku)】校验开始。sku:9011 activityId:100301
24-11-03.11:19:57.743 [main            ] WARN  RaffleOrderTest        - 活动库存不足
24-11-03.11:19:57.746 [main            ] INFO  ActivityBaseActionChain - 活动责任链-基础信息【有效期、状态、库存(sku)】校验开始。sku:9011 activityId:100301
24-11-03.11:19:57.746 [main            ] WARN  RaffleOrderTest        - 活动库存不足
24-11-03.11:19:57.750 [main            ] INFO  ActivityBaseActionChain - 活动责任链-基础信息【有效期、状态、库存(sku)】校验开始。sku:9011 activityId:100301
24-11-03.11:19:57.750 [main            ] WARN  RaffleOrderTest        - 活动库存不足
24-11-03.11:19:57.754 [main            ] INFO  ActivityBaseActionChain - 活动责任链-基础信息【有效期、状态、库存(sku)】校验开始。sku:9011 activityId:100301
24-11-03.11:19:57.754 [main            ] WARN  RaffleOrderTest        - 活动库存不足
24-11-03.11:19:57.756 [main            ] INFO  ActivityBaseActionChain - 活动责任链-基础信息【有效期、状态、库存(sku)】校验开始。sku:9011 activityId:100301
24-11-03.11:19:57.757 [main            ] WARN  RaffleOrderTest        - 活动库存不足
24-11-03.11:19:57.759 [main            ] INFO  ActivityBaseActionChain - 活动责任链-基础信息【有效期、状态、库存(sku)】校验开始。sku:9011 activityId:100301
24-11-03.11:19:57.760 [main            ] WARN  RaffleOrderTest        - 活动库存不足
24-11-03.11:19:57.764 [main            ] INFO  ActivityBaseActionChain - 活动责任链-基础信息【有效期、状态、库存(sku)】校验开始。sku:9011 activityId:100301
24-11-03.11:19:57.764 [main            ] WARN  RaffleOrderTest        - 活动库存不足
24-11-03.11:19:59.743 [org.springframework.amqp.rabbit.RabbitListenerEndpointContainer#0-2] INFO  SimpleMessageListenerContainer - Waiting for workers to finish.
24-11-03.11:20:00.001 [scheduling-1    ] INFO  UpdateAwardStockJob    - 定时任务，更新奖品消耗库存【延迟队列获取，降低对数据库的更新频次，不要产生竞争】
24-11-03.11:20:00.009 [scheduling-1    ] INFO  UpdateActivitySkuStockJob - 定时任务，更新活动sku库存【延迟队列获取，降低对数据库的更新频次，不要产生竞争】
24-11-03.11:20:00.679 [org.springframework.amqp.rabbit.RabbitListenerEndpointContainer#0-2] INFO  SimpleMessageListenerContainer - Successfully waited for workers to finish.
24-11-03.11:20:00.682 [SpringApplicationShutdownHook] INFO  SimpleMessageListenerContainer - Shutdown ignored - container is already stopped
